{"D:\\Tracker_kasy\\backend\\src\\app.controller.ts": {"path":"D:\\Tracker_kasy\\backend\\src\\app.controller.ts","statementMap":{"0":{"start":{"line":1,"column":0},"end":{"line":1,"column":49}},"1":{"start":{"line":2,"column":0},"end":{"line":2,"column":43}},"2":{"start":{"line":5,"column":7},"end":{"line":12,"column":null}},"3":{"start":{"line":6,"column":31},"end":{"line":6,"column":43}},"4":{"start":{"line":10,"column":4},"end":{"line":10,"column":38}},"5":{"start":{"line":5,"column":13},"end":{"line":5,"column":26}},"6":{"start":{"line":9,"column":2},"end":{"line":11,"column":null}},"7":{"start":{"line":5,"column":13},"end":{"line":12,"column":null}}},"fnMap":{"0":{"name":"(anonymous_2)","decl":{"start":{"line":6,"column":2},"end":{"line":6,"column":31}},"loc":{"start":{"line":6,"column":53},"end":{"line":6,"column":57}}},"1":{"name":"(anonymous_3)","decl":{"start":{"line":9,"column":2},"end":{"line":9,"column":10}},"loc":{"start":{"line":9,"column":10},"end":{"line":11,"column":3}}}},"branchMap":{"0":{"loc":{"start":{"line":6,"column":43},"end":{"line":6,"column":56}},"type":"cond-expr","locations":[{"start":{"line":6,"column":53},"end":{"line":6,"column":56}},{"start":{"line":6,"column":53},"end":{"line":6,"column":56}}]},"1":{"loc":{"start":{"line":6,"column":43},"end":{"line":6,"column":53}},"type":"binary-expr","locations":[{"start":{"line":6,"column":43},"end":{"line":6,"column":56}},{"start":{"line":6,"column":43},"end":{"line":6,"column":53}}]}},"s":{"0":1,"1":1,"2":1,"3":1,"4":1,"5":1,"6":1,"7":1},"f":{"0":1,"1":1},"b":{"0":[1,0],"1":[1,1]}}
,"D:\\Tracker_kasy\\backend\\src\\app.module.ts": {"path":"D:\\Tracker_kasy\\backend\\src\\app.module.ts","statementMap":{"0":{"start":{"line":1,"column":0},"end":{"line":1,"column":40}},"1":{"start":{"line":2,"column":0},"end":{"line":2,"column":46}},"2":{"start":{"line":3,"column":0},"end":{"line":3,"column":49}},"3":{"start":{"line":4,"column":0},"end":{"line":4,"column":43}},"4":{"start":{"line":5,"column":0},"end":{"line":5,"column":49}},"5":{"start":{"line":6,"column":0},"end":{"line":6,"column":48}},"6":{"start":{"line":7,"column":0},"end":{"line":7,"column":72}},"7":{"start":{"line":8,"column":0},"end":{"line":8,"column":66}},"8":{"start":{"line":9,"column":0},"end":{"line":9,"column":57}},"9":{"start":{"line":10,"column":0},"end":{"line":10,"column":57}},"10":{"start":{"line":27,"column":7},"end":{"line":27,"column":null}},"11":{"start":{"line":27,"column":13},"end":{"line":27,"column":22}},"12":{"start":{"line":27,"column":13},"end":{"line":27,"column":null}}},"fnMap":{},"branchMap":{},"s":{"0":0,"1":0,"2":0,"3":0,"4":0,"5":0,"6":0,"7":0,"8":0,"9":0,"10":0,"11":0,"12":0},"f":{},"b":{}}
,"D:\\Tracker_kasy\\backend\\src\\app.service.ts": {"path":"D:\\Tracker_kasy\\backend\\src\\app.service.ts","statementMap":{"0":{"start":{"line":1,"column":0},"end":{"line":1,"column":44}},"1":{"start":{"line":4,"column":7},"end":{"line":8,"column":null}},"2":{"start":{"line":6,"column":4},"end":{"line":6,"column":26}},"3":{"start":{"line":4,"column":13},"end":{"line":4,"column":23}},"4":{"start":{"line":4,"column":13},"end":{"line":8,"column":null}}},"fnMap":{"0":{"name":"(anonymous_1)","decl":{"start":{"line":5,"column":2},"end":{"line":5,"column":10}},"loc":{"start":{"line":5,"column":10},"end":{"line":7,"column":3}}}},"branchMap":{},"s":{"0":1,"1":1,"2":1,"3":1,"4":1},"f":{"0":1},"b":{}}
,"D:\\Tracker_kasy\\backend\\src\\main.ts": {"path":"D:\\Tracker_kasy\\backend\\src\\main.ts","statementMap":{"0":{"start":{"line":1,"column":0},"end":{"line":1,"column":43}},"1":{"start":{"line":2,"column":0},"end":{"line":2,"column":48}},"2":{"start":{"line":3,"column":0},"end":{"line":3,"column":41}},"3":{"start":{"line":6,"column":14},"end":{"line":6,"column":49}},"4":{"start":{"line":9,"column":2},"end":{"line":16,"column":5}},"5":{"start":{"line":19,"column":2},"end":{"line":25,"column":4}},"6":{"start":{"line":27,"column":15},"end":{"line":27,"column":39}},"7":{"start":{"line":28,"column":2},"end":{"line":28,"column":25}},"8":{"start":{"line":29,"column":2},"end":{"line":29,"column":68}},"9":{"start":{"line":31,"column":0},"end":{"line":31,"column":12}}},"fnMap":{"0":{"name":"bootstrap","decl":{"start":{"line":5,"column":15},"end":{"line":5,"column":24}},"loc":{"start":{"line":5,"column":24},"end":{"line":30,"column":1}}}},"branchMap":{"0":{"loc":{"start":{"line":27,"column":15},"end":{"line":27,"column":39}},"type":"binary-expr","locations":[{"start":{"line":27,"column":15},"end":{"line":27,"column":31}},{"start":{"line":27,"column":35},"end":{"line":27,"column":39}}]}},"s":{"0":0,"1":0,"2":0,"3":0,"4":0,"5":0,"6":0,"7":0,"8":0,"9":0},"f":{"0":0},"b":{"0":[0,0]}}
,"D:\\Tracker_kasy\\backend\\src\\prisma.service.ts": {"path":"D:\\Tracker_kasy\\backend\\src\\prisma.service.ts","statementMap":{"0":{"start":{"line":1,"column":0},"end":{"line":1,"column":75}},"1":{"start":{"line":2,"column":0},"end":{"line":2,"column":46}},"2":{"start":{"line":5,"column":7},"end":{"line":18,"column":null}},"3":{"start":{"line":10,"column":4},"end":{"line":10,"column":26}},"4":{"start":{"line":11,"column":4},"end":{"line":11,"column":53}},"5":{"start":{"line":15,"column":4},"end":{"line":15,"column":29}},"6":{"start":{"line":16,"column":4},"end":{"line":16,"column":44}},"7":{"start":{"line":5,"column":13},"end":{"line":5,"column":26}},"8":{"start":{"line":5,"column":13},"end":{"line":18,"column":null}}},"fnMap":{"0":{"name":"(anonymous_1)","decl":{"start":{"line":9,"column":2},"end":{"line":9,"column":7}},"loc":{"start":{"line":9,"column":20},"end":{"line":12,"column":3}}},"1":{"name":"(anonymous_2)","decl":{"start":{"line":14,"column":2},"end":{"line":14,"column":7}},"loc":{"start":{"line":14,"column":23},"end":{"line":17,"column":3}}}},"branchMap":{},"s":{"0":5,"1":5,"2":5,"3":0,"4":0,"5":0,"6":0,"7":5,"8":5},"f":{"0":0,"1":0},"b":{}}
,"D:\\Tracker_kasy\\backend\\src\\auth\\auth.controller.ts": {"path":"D:\\Tracker_kasy\\backend\\src\\auth\\auth.controller.ts","statementMap":{"0":{"start":{"line":1,"column":0},"end":{"line":1,"column":null}},"1":{"start":{"line":10,"column":0},"end":{"line":10,"column":45}},"2":{"start":{"line":11,"column":0},"end":{"line":11,"column":46}},"3":{"start":{"line":12,"column":0},"end":{"line":12,"column":40}},"4":{"start":{"line":13,"column":0},"end":{"line":13,"column":43}},"5":{"start":{"line":16,"column":7},"end":{"line":56,"column":null}},"6":{"start":{"line":17,"column":31},"end":{"line":17,"column":44}},"7":{"start":{"line":26,"column":4},"end":{"line":26,"column":50}},"8":{"start":{"line":36,"column":4},"end":{"line":36,"column":44}},"9":{"start":{"line":48,"column":4},"end":{"line":54,"column":6}},"10":{"start":{"line":16,"column":13},"end":{"line":16,"column":27}},"11":{"start":{"line":25,"column":8},"end":{"line":27,"column":null}},"12":{"start":{"line":35,"column":8},"end":{"line":37,"column":null}},"13":{"start":{"line":47,"column":8},"end":{"line":55,"column":null}},"14":{"start":{"line":16,"column":13},"end":{"line":56,"column":null}}},"fnMap":{"0":{"name":"(anonymous_4)","decl":{"start":{"line":17,"column":2},"end":{"line":17,"column":31}},"loc":{"start":{"line":17,"column":55},"end":{"line":17,"column":59}}},"1":{"name":"(anonymous_5)","decl":{"start":{"line":25,"column":8},"end":{"line":25,"column":16}},"loc":{"start":{"line":25,"column":49},"end":{"line":27,"column":3}}},"2":{"name":"(anonymous_6)","decl":{"start":{"line":35,"column":8},"end":{"line":35,"column":13}},"loc":{"start":{"line":35,"column":40},"end":{"line":37,"column":3}}},"3":{"name":"(anonymous_7)","decl":{"start":{"line":47,"column":8},"end":{"line":47,"column":18}},"loc":{"start":{"line":47,"column":43},"end":{"line":55,"column":3}}}},"branchMap":{"0":{"loc":{"start":{"line":25,"column":38},"end":{"line":25,"column":null}},"type":"cond-expr","locations":[{"start":{"line":25,"column":49},"end":{"line":25,"column":null}},{"start":{"line":25,"column":49},"end":{"line":25,"column":null}}]},"1":{"loc":{"start":{"line":25,"column":38},"end":{"line":25,"column":49}},"type":"binary-expr","locations":[{"start":{"line":25,"column":38},"end":{"line":25,"column":null}},{"start":{"line":25,"column":38},"end":{"line":25,"column":49}}]},"2":{"loc":{"start":{"line":35,"column":32},"end":{"line":35,"column":null}},"type":"cond-expr","locations":[{"start":{"line":35,"column":40},"end":{"line":35,"column":null}},{"start":{"line":35,"column":40},"end":{"line":35,"column":null}}]},"3":{"loc":{"start":{"line":35,"column":32},"end":{"line":35,"column":40}},"type":"binary-expr","locations":[{"start":{"line":35,"column":32},"end":{"line":35,"column":null}},{"start":{"line":35,"column":32},"end":{"line":35,"column":40}}]},"4":{"loc":{"start":{"line":17,"column":44},"end":{"line":17,"column":58}},"type":"cond-expr","locations":[{"start":{"line":17,"column":55},"end":{"line":17,"column":58}},{"start":{"line":17,"column":55},"end":{"line":17,"column":58}}]},"5":{"loc":{"start":{"line":17,"column":44},"end":{"line":17,"column":55}},"type":"binary-expr","locations":[{"start":{"line":17,"column":44},"end":{"line":17,"column":58}},{"start":{"line":17,"column":44},"end":{"line":17,"column":55}}]}},"s":{"0":0,"1":0,"2":0,"3":0,"4":0,"5":0,"6":0,"7":0,"8":0,"9":0,"10":0,"11":0,"12":0,"13":0,"14":0},"f":{"0":0,"1":0,"2":0,"3":0},"b":{"0":[0,0],"1":[0,0],"2":[0,0],"3":[0,0],"4":[0,0],"5":[0,0]}}
,"D:\\Tracker_kasy\\backend\\src\\auth\\auth.module.ts": {"path":"D:\\Tracker_kasy\\backend\\src\\auth\\auth.module.ts","statementMap":{"0":{"start":{"line":1,"column":0},"end":{"line":1,"column":40}},"1":{"start":{"line":2,"column":0},"end":{"line":2,"column":40}},"2":{"start":{"line":3,"column":0},"end":{"line":3,"column":50}},"3":{"start":{"line":4,"column":0},"end":{"line":4,"column":61}},"4":{"start":{"line":5,"column":0},"end":{"line":5,"column":51}},"5":{"start":{"line":6,"column":0},"end":{"line":6,"column":45}},"6":{"start":{"line":7,"column":0},"end":{"line":7,"column":56}},"7":{"start":{"line":8,"column":0},"end":{"line":8,"column":50}},"8":{"start":{"line":28,"column":7},"end":{"line":28,"column":null}},"9":{"start":{"line":28,"column":13},"end":{"line":28,"column":23}},"10":{"start":{"line":28,"column":13},"end":{"line":28,"column":null}},"11":{"start":{"line":15,"column":59},"end":{"line":20,"column":8}}},"fnMap":{"0":{"name":"(anonymous_1)","decl":{"start":{"line":15,"column":18},"end":{"line":15,"column":23}},"loc":{"start":{"line":15,"column":59},"end":{"line":20,"column":8}}}},"branchMap":{"0":{"loc":{"start":{"line":18,"column":21},"end":{"line":18,"column":72}},"type":"binary-expr","locations":[{"start":{"line":18,"column":21},"end":{"line":18,"column":64}},{"start":{"line":18,"column":68},"end":{"line":18,"column":72}}]}},"s":{"0":0,"1":0,"2":0,"3":0,"4":0,"5":0,"6":0,"7":0,"8":0,"9":0,"10":0,"11":0},"f":{"0":0},"b":{"0":[0,0]}}
,"D:\\Tracker_kasy\\backend\\src\\auth\\auth.service.ts": {"path":"D:\\Tracker_kasy\\backend\\src\\auth\\auth.service.ts","statementMap":{"0":{"start":{"line":1,"column":0},"end":{"line":1,"column":null}},"1":{"start":{"line":7,"column":0},"end":{"line":7,"column":41}},"2":{"start":{"line":8,"column":0},"end":{"line":8,"column":50}},"3":{"start":{"line":10,"column":0},"end":{"line":10,"column":33}},"4":{"start":{"line":13,"column":7},"end":{"line":165,"column":null}},"5":{"start":{"line":15,"column":12},"end":{"line":15,"column":20}},"6":{"start":{"line":16,"column":12},"end":{"line":16,"column":24}},"7":{"start":{"line":23,"column":38},"end":{"line":23,"column":49}},"8":{"start":{"line":26,"column":25},"end":{"line":28,"column":6}},"9":{"start":{"line":30,"column":4},"end":{"line":32,"column":5}},"10":{"start":{"line":31,"column":6},"end":{"line":31,"column":81}},"11":{"start":{"line":35,"column":27},"end":{"line":35,"column":60}},"12":{"start":{"line":38,"column":4},"end":{"line":56,"column":5}},"13":{"start":{"line":39,"column":19},"end":{"line":45,"column":8}},"14":{"start":{"line":48,"column":6},"end":{"line":48,"column":50}},"15":{"start":{"line":51,"column":6},"end":{"line":51,"column":54}},"16":{"start":{"line":53,"column":6},"end":{"line":55,"column":8}},"17":{"start":{"line":63,"column":32},"end":{"line":63,"column":40}},"18":{"start":{"line":66,"column":17},"end":{"line":68,"column":6}},"19":{"start":{"line":70,"column":4},"end":{"line":72,"column":5}},"20":{"start":{"line":71,"column":6},"end":{"line":71,"column":71}},"21":{"start":{"line":75,"column":28},"end":{"line":75,"column":80}},"22":{"start":{"line":77,"column":4},"end":{"line":79,"column":5}},"23":{"start":{"line":78,"column":6},"end":{"line":78,"column":71}},"24":{"start":{"line":82,"column":4},"end":{"line":82,"column":52}},"25":{"start":{"line":89,"column":17},"end":{"line":98,"column":6}},"26":{"start":{"line":100,"column":4},"end":{"line":102,"column":5}},"27":{"start":{"line":101,"column":6},"end":{"line":101,"column":65}},"28":{"start":{"line":104,"column":4},"end":{"line":104,"column":16}},"29":{"start":{"line":111,"column":23},"end":{"line":111,"column":25}},"30":{"start":{"line":112,"column":4},"end":{"line":112,"column":45}},"31":{"start":{"line":122,"column":4},"end":{"line":122,"column":52}},"32":{"start":{"line":129,"column":20},"end":{"line":129,"column":42}},"33":{"start":{"line":131,"column":24},"end":{"line":131,"column":64}},"34":{"start":{"line":133,"column":4},"end":{"line":139,"column":6}},"35":{"start":{"line":146,"column":30},"end":{"line":156,"column":6}},"36":{"start":{"line":158,"column":4},"end":{"line":163,"column":7}},"37":{"start":{"line":159,"column":44},"end":{"line":162,"column":8}},"38":{"start":{"line":13,"column":13},"end":{"line":13,"column":24}},"39":{"start":{"line":13,"column":13},"end":{"line":165,"column":null}}},"fnMap":{"0":{"name":"(anonymous_11)","decl":{"start":{"line":14,"column":2},"end":{"line":14,"column":null}},"loc":{"start":{"line":16,"column":34},"end":{"line":17,"column":6}}},"1":{"name":"(anonymous_12)","decl":{"start":{"line":22,"column":2},"end":{"line":22,"column":7}},"loc":{"start":{"line":22,"column":41},"end":{"line":57,"column":3}}},"2":{"name":"(anonymous_13)","decl":{"start":{"line":62,"column":2},"end":{"line":62,"column":7}},"loc":{"start":{"line":62,"column":32},"end":{"line":83,"column":3}}},"3":{"name":"(anonymous_14)","decl":{"start":{"line":88,"column":2},"end":{"line":88,"column":7}},"loc":{"start":{"line":88,"column":35},"end":{"line":105,"column":3}}},"4":{"name":"(anonymous_15)","decl":{"start":{"line":110,"column":10},"end":{"line":110,"column":15}},"loc":{"start":{"line":110,"column":45},"end":{"line":113,"column":3}}},"5":{"name":"(anonymous_16)","decl":{"start":{"line":118,"column":10},"end":{"line":118,"column":15}},"loc":{"start":{"line":120,"column":26},"end":{"line":123,"column":3}}},"6":{"name":"(anonymous_17)","decl":{"start":{"line":128,"column":10},"end":{"line":128,"column":15}},"loc":{"start":{"line":128,"column":60},"end":{"line":140,"column":3}}},"7":{"name":"(anonymous_18)","decl":{"start":{"line":145,"column":10},"end":{"line":145,"column":15}},"loc":{"start":{"line":145,"column":54},"end":{"line":164,"column":3}}},"8":{"name":"(anonymous_19)","decl":{"start":{"line":159,"column":34},"end":{"line":159,"column":35}},"loc":{"start":{"line":159,"column":44},"end":{"line":162,"column":8}}}},"branchMap":{"0":{"loc":{"start":{"line":30,"column":4},"end":{"line":32,"column":5}},"type":"if","locations":[{"start":{"line":30,"column":4},"end":{"line":32,"column":5}},{"start":{},"end":{}}]},"1":{"loc":{"start":{"line":70,"column":4},"end":{"line":72,"column":5}},"type":"if","locations":[{"start":{"line":70,"column":4},"end":{"line":72,"column":5}},{"start":{},"end":{}}]},"2":{"loc":{"start":{"line":77,"column":4},"end":{"line":79,"column":5}},"type":"if","locations":[{"start":{"line":77,"column":4},"end":{"line":79,"column":5}},{"start":{},"end":{}}]},"3":{"loc":{"start":{"line":100,"column":4},"end":{"line":102,"column":5}},"type":"if","locations":[{"start":{"line":100,"column":4},"end":{"line":102,"column":5}},{"start":{},"end":{}}]},"4":{"loc":{"start":{"line":15,"column":20},"end":{"line":15,"column":null}},"type":"cond-expr","locations":[{"start":{"line":15,"column":33},"end":{"line":15,"column":null}},{"start":{"line":15,"column":33},"end":{"line":15,"column":null}}]},"5":{"loc":{"start":{"line":15,"column":20},"end":{"line":15,"column":33}},"type":"binary-expr","locations":[{"start":{"line":15,"column":20},"end":{"line":15,"column":null}},{"start":{"line":15,"column":20},"end":{"line":15,"column":33}}]},"6":{"loc":{"start":{"line":15,"column":33},"end":{"line":16,"column":null}},"type":"cond-expr","locations":[{"start":{"line":16,"column":34},"end":{"line":16,"column":null}},{"start":{"line":16,"column":34},"end":{"line":16,"column":null}}]},"7":{"loc":{"start":{"line":15,"column":33},"end":{"line":16,"column":34}},"type":"binary-expr","locations":[{"start":{"line":15,"column":33},"end":{"line":16,"column":null}},{"start":{"line":16,"column":24},"end":{"line":16,"column":34}}]}},"s":{"0":1,"1":1,"2":1,"3":1,"4":1,"5":11,"6":11,"7":5,"8":5,"9":5,"10":2,"11":3,"12":3,"13":3,"14":3,"15":3,"16":0,"17":6,"18":6,"19":6,"20":2,"21":4,"22":4,"23":2,"24":2,"25":3,"26":3,"27":2,"28":1,"29":3,"30":3,"31":4,"32":5,"33":5,"34":5,"35":3,"36":3,"37":21,"38":1,"39":1},"f":{"0":11,"1":5,"2":6,"3":3,"4":3,"5":4,"6":5,"7":3,"8":21},"b":{"0":[2,3],"1":[2,4],"2":[2,2],"3":[2,1],"4":[1,0],"5":[1,1],"6":[1,0],"7":[1,1]}}
,"D:\\Tracker_kasy\\backend\\src\\auth\\decorators\\current-user.decorator.ts": {"path":"D:\\Tracker_kasy\\backend\\src\\auth\\decorators\\current-user.decorator.ts","statementMap":{"0":{"start":{"line":1,"column":0},"end":{"line":1,"column":72}},"1":{"start":{"line":17,"column":13},"end":{"line":25,"column":2}},"2":{"start":{"line":19,"column":20},"end":{"line":19,"column":51}},"3":{"start":{"line":20,"column":17},"end":{"line":20,"column":29}},"4":{"start":{"line":23,"column":4},"end":{"line":23,"column":38}}},"fnMap":{"0":{"name":"(anonymous_0)","decl":{"start":{"line":18,"column":2},"end":{"line":18,"column":3}},"loc":{"start":{"line":18,"column":42},"end":{"line":24,"column":3}}}},"branchMap":{"0":{"loc":{"start":{"line":23,"column":11},"end":{"line":23,"column":37}},"type":"cond-expr","locations":[{"start":{"line":23,"column":18},"end":{"line":23,"column":30}},{"start":{"line":23,"column":33},"end":{"line":23,"column":37}}]}},"s":{"0":0,"1":0,"2":0,"3":0,"4":0},"f":{"0":0},"b":{"0":[0,0]}}
,"D:\\Tracker_kasy\\backend\\src\\auth\\decorators\\index.ts": {"path":"D:\\Tracker_kasy\\backend\\src\\auth\\decorators\\index.ts","statementMap":{"0":{"start":{"line":1,"column":0},"end":{"line":1,"column":41}}},"fnMap":{},"branchMap":{},"s":{"0":0},"f":{},"b":{}}
,"D:\\Tracker_kasy\\backend\\src\\auth\\dto\\index.ts": {"path":"D:\\Tracker_kasy\\backend\\src\\auth\\dto\\index.ts","statementMap":{"0":{"start":{"line":1,"column":0},"end":{"line":1,"column":31}},"1":{"start":{"line":2,"column":0},"end":{"line":2,"column":28}}},"fnMap":{},"branchMap":{},"s":{"0":0,"1":0},"f":{},"b":{}}
,"D:\\Tracker_kasy\\backend\\src\\auth\\dto\\login.dto.ts": {"path":"D:\\Tracker_kasy\\backend\\src\\auth\\dto\\login.dto.ts","statementMap":{"0":{"start":{"line":1,"column":0},"end":{"line":1,"column":64}},"1":{"start":{"line":3,"column":0},"end":{"line":3,"column":13}},"2":{"start":{"line":6,"column":2},"end":{"line":6,"column":null}},"3":{"start":{"line":10,"column":2},"end":{"line":10,"column":null}}},"fnMap":{},"branchMap":{},"s":{"0":0,"1":0,"2":0,"3":0},"f":{},"b":{}}
,"D:\\Tracker_kasy\\backend\\src\\auth\\dto\\register.dto.ts": {"path":"D:\\Tracker_kasy\\backend\\src\\auth\\dto\\register.dto.ts","statementMap":{"0":{"start":{"line":1,"column":0},"end":{"line":1,"column":75}},"1":{"start":{"line":3,"column":0},"end":{"line":3,"column":13}},"2":{"start":{"line":6,"column":2},"end":{"line":6,"column":null}},"3":{"start":{"line":11,"column":2},"end":{"line":11,"column":null}},"4":{"start":{"line":15,"column":2},"end":{"line":15,"column":null}}},"fnMap":{},"branchMap":{},"s":{"0":0,"1":0,"2":0,"3":0,"4":0},"f":{},"b":{}}
,"D:\\Tracker_kasy\\backend\\src\\auth\\guards\\index.ts": {"path":"D:\\Tracker_kasy\\backend\\src\\auth\\guards\\index.ts","statementMap":{"0":{"start":{"line":1,"column":0},"end":{"line":1,"column":33}}},"fnMap":{},"branchMap":{},"s":{"0":0},"f":{},"b":{}}
,"D:\\Tracker_kasy\\backend\\src\\auth\\guards\\jwt-auth.guard.ts": {"path":"D:\\Tracker_kasy\\backend\\src\\auth\\guards\\jwt-auth.guard.ts","statementMap":{"0":{"start":{"line":1,"column":0},"end":{"line":1,"column":62}},"1":{"start":{"line":2,"column":0},"end":{"line":2,"column":45}},"2":{"start":{"line":10,"column":7},"end":{"line":17,"column":null}},"3":{"start":{"line":15,"column":4},"end":{"line":15,"column":38}},"4":{"start":{"line":10,"column":13},"end":{"line":10,"column":25}},"5":{"start":{"line":10,"column":13},"end":{"line":17,"column":null}}},"fnMap":{"0":{"name":"(anonymous_1)","decl":{"start":{"line":11,"column":2},"end":{"line":11,"column":13}},"loc":{"start":{"line":12,"column":29},"end":{"line":16,"column":3}}}},"branchMap":{},"s":{"0":0,"1":0,"2":0,"3":0,"4":0,"5":0},"f":{"0":0},"b":{}}
,"D:\\Tracker_kasy\\backend\\src\\auth\\strategies\\jwt.strategy.ts": {"path":"D:\\Tracker_kasy\\backend\\src\\auth\\strategies\\jwt.strategy.ts","statementMap":{"0":{"start":{"line":1,"column":0},"end":{"line":1,"column":67}},"1":{"start":{"line":2,"column":0},"end":{"line":2,"column":52}},"2":{"start":{"line":3,"column":0},"end":{"line":3,"column":52}},"3":{"start":{"line":4,"column":0},"end":{"line":4,"column":47}},"4":{"start":{"line":5,"column":0},"end":{"line":5,"column":46}},"5":{"start":{"line":12,"column":7},"end":{"line":44,"column":null}},"6":{"start":{"line":17,"column":19},"end":{"line":17,"column":58}},"7":{"start":{"line":18,"column":4},"end":{"line":20,"column":5}},"8":{"start":{"line":19,"column":6},"end":{"line":19,"column":76}},"9":{"start":{"line":22,"column":4},"end":{"line":26,"column":7}},"10":{"start":{"line":14,"column":12},"end":{"line":14,"column":27}},"11":{"start":{"line":15,"column":12},"end":{"line":15,"column":25}},"12":{"start":{"line":36,"column":17},"end":{"line":36,"column":65}},"13":{"start":{"line":38,"column":4},"end":{"line":40,"column":5}},"14":{"start":{"line":39,"column":6},"end":{"line":39,"column":61}},"15":{"start":{"line":42,"column":4},"end":{"line":42,"column":16}},"16":{"start":{"line":12,"column":13},"end":{"line":12,"column":24}},"17":{"start":{"line":12,"column":13},"end":{"line":44,"column":null}}},"fnMap":{"0":{"name":"(anonymous_2)","decl":{"start":{"line":13,"column":2},"end":{"line":13,"column":null}},"loc":{"start":{"line":15,"column":36},"end":{"line":27,"column":3}}},"1":{"name":"(anonymous_3)","decl":{"start":{"line":34,"column":2},"end":{"line":34,"column":7}},"loc":{"start":{"line":34,"column":56},"end":{"line":43,"column":3}}}},"branchMap":{"0":{"loc":{"start":{"line":18,"column":4},"end":{"line":20,"column":5}},"type":"if","locations":[{"start":{"line":18,"column":4},"end":{"line":20,"column":5}},{"start":{},"end":{}}]},"1":{"loc":{"start":{"line":38,"column":4},"end":{"line":40,"column":5}},"type":"if","locations":[{"start":{"line":38,"column":4},"end":{"line":40,"column":5}},{"start":{},"end":{}}]},"2":{"loc":{"start":{"line":14,"column":27},"end":{"line":14,"column":null}},"type":"cond-expr","locations":[{"start":{"line":14,"column":40},"end":{"line":14,"column":null}},{"start":{"line":14,"column":40},"end":{"line":14,"column":null}}]},"3":{"loc":{"start":{"line":14,"column":27},"end":{"line":14,"column":40}},"type":"binary-expr","locations":[{"start":{"line":14,"column":27},"end":{"line":14,"column":null}},{"start":{"line":14,"column":27},"end":{"line":14,"column":40}}]},"4":{"loc":{"start":{"line":14,"column":40},"end":{"line":15,"column":null}},"type":"cond-expr","locations":[{"start":{"line":15,"column":36},"end":{"line":15,"column":null}},{"start":{"line":15,"column":36},"end":{"line":15,"column":null}}]},"5":{"loc":{"start":{"line":14,"column":40},"end":{"line":15,"column":36}},"type":"binary-expr","locations":[{"start":{"line":14,"column":40},"end":{"line":15,"column":null}},{"start":{"line":15,"column":25},"end":{"line":15,"column":36}}]}},"s":{"0":0,"1":0,"2":0,"3":0,"4":0,"5":0,"6":0,"7":0,"8":0,"9":0,"10":0,"11":0,"12":0,"13":0,"14":0,"15":0,"16":0,"17":0},"f":{"0":0,"1":0},"b":{"0":[0,0],"1":[0,0],"2":[0,0],"3":[0,0],"4":[0,0],"5":[0,0]}}
,"D:\\Tracker_kasy\\backend\\src\\budgets\\budgets.controller.ts": {"path":"D:\\Tracker_kasy\\backend\\src\\budgets\\budgets.controller.ts","statementMap":{"0":{"start":{"line":1,"column":0},"end":{"line":1,"column":null}},"1":{"start":{"line":14,"column":0},"end":{"line":14,"column":51}},"2":{"start":{"line":15,"column":0},"end":{"line":15,"column":null}},"3":{"start":{"line":20,"column":0},"end":{"line":20,"column":61}},"4":{"start":{"line":21,"column":0},"end":{"line":21,"column":72}},"5":{"start":{"line":30,"column":7},"end":{"line":122,"column":null}},"6":{"start":{"line":31,"column":31},"end":{"line":31,"column":47}},"7":{"start":{"line":46,"column":4},"end":{"line":46,"column":63}},"8":{"start":{"line":61,"column":4},"end":{"line":61,"column":54}},"9":{"start":{"line":75,"column":4},"end":{"line":75,"column":51}},"10":{"start":{"line":89,"column":4},"end":{"line":89,"column":53}},"11":{"start":{"line":105,"column":4},"end":{"line":105,"column":67}},"12":{"start":{"line":120,"column":4},"end":{"line":120,"column":50}},"13":{"start":{"line":30,"column":13},"end":{"line":30,"column":30}},"14":{"start":{"line":42,"column":2},"end":{"line":47,"column":null}},"15":{"start":{"line":57,"column":2},"end":{"line":62,"column":null}},"16":{"start":{"line":71,"column":2},"end":{"line":76,"column":null}},"17":{"start":{"line":85,"column":2},"end":{"line":90,"column":null}},"18":{"start":{"line":100,"column":2},"end":{"line":106,"column":null}},"19":{"start":{"line":116,"column":2},"end":{"line":121,"column":null}},"20":{"start":{"line":30,"column":13},"end":{"line":122,"column":null}}},"fnMap":{"0":{"name":"(anonymous_4)","decl":{"start":{"line":31,"column":2},"end":{"line":31,"column":31}},"loc":{"start":{"line":31,"column":61},"end":{"line":31,"column":65}}},"1":{"name":"(anonymous_5)","decl":{"start":{"line":42,"column":2},"end":{"line":42,"column":8}},"loc":{"start":{"line":44,"column":44},"end":{"line":47,"column":3}}},"2":{"name":"(anonymous_6)","decl":{"start":{"line":57,"column":2},"end":{"line":57,"column":9}},"loc":{"start":{"line":59,"column":34},"end":{"line":62,"column":3}}},"3":{"name":"(anonymous_7)","decl":{"start":{"line":71,"column":2},"end":{"line":71,"column":9}},"loc":{"start":{"line":73,"column":37},"end":{"line":76,"column":3}}},"4":{"name":"(anonymous_8)","decl":{"start":{"line":85,"column":2},"end":{"line":85,"column":13}},"loc":{"start":{"line":87,"column":37},"end":{"line":90,"column":3}}},"5":{"name":"(anonymous_9)","decl":{"start":{"line":100,"column":2},"end":{"line":100,"column":8}},"loc":{"start":{"line":103,"column":44},"end":{"line":106,"column":3}}},"6":{"name":"(anonymous_10)","decl":{"start":{"line":116,"column":2},"end":{"line":116,"column":8}},"loc":{"start":{"line":118,"column":37},"end":{"line":121,"column":3}}}},"branchMap":{"0":{"loc":{"start":{"line":44,"column":29},"end":{"line":44,"column":null}},"type":"cond-expr","locations":[{"start":{"line":44,"column":44},"end":{"line":44,"column":null}},{"start":{"line":44,"column":44},"end":{"line":44,"column":null}}]},"1":{"loc":{"start":{"line":44,"column":29},"end":{"line":44,"column":44}},"type":"binary-expr","locations":[{"start":{"line":44,"column":29},"end":{"line":44,"column":null}},{"start":{"line":44,"column":29},"end":{"line":44,"column":44}}]},"2":{"loc":{"start":{"line":59,"column":20},"end":{"line":59,"column":null}},"type":"cond-expr","locations":[{"start":{"line":59,"column":34},"end":{"line":59,"column":null}},{"start":{"line":59,"column":34},"end":{"line":59,"column":null}}]},"3":{"loc":{"start":{"line":59,"column":20},"end":{"line":59,"column":34}},"type":"binary-expr","locations":[{"start":{"line":59,"column":20},"end":{"line":59,"column":null}},{"start":{"line":59,"column":20},"end":{"line":59,"column":34}}]},"4":{"loc":{"start":{"line":103,"column":29},"end":{"line":103,"column":null}},"type":"cond-expr","locations":[{"start":{"line":103,"column":44},"end":{"line":103,"column":null}},{"start":{"line":103,"column":44},"end":{"line":103,"column":null}}]},"5":{"loc":{"start":{"line":103,"column":29},"end":{"line":103,"column":44}},"type":"binary-expr","locations":[{"start":{"line":103,"column":29},"end":{"line":103,"column":null}},{"start":{"line":103,"column":29},"end":{"line":103,"column":44}}]},"6":{"loc":{"start":{"line":31,"column":47},"end":{"line":31,"column":64}},"type":"cond-expr","locations":[{"start":{"line":31,"column":61},"end":{"line":31,"column":64}},{"start":{"line":31,"column":61},"end":{"line":31,"column":64}}]},"7":{"loc":{"start":{"line":31,"column":47},"end":{"line":31,"column":61}},"type":"binary-expr","locations":[{"start":{"line":31,"column":47},"end":{"line":31,"column":64}},{"start":{"line":31,"column":47},"end":{"line":31,"column":61}}]}},"s":{"0":0,"1":0,"2":0,"3":0,"4":0,"5":0,"6":0,"7":0,"8":0,"9":0,"10":0,"11":0,"12":0,"13":0,"14":0,"15":0,"16":0,"17":0,"18":0,"19":0,"20":0},"f":{"0":0,"1":0,"2":0,"3":0,"4":0,"5":0,"6":0},"b":{"0":[0,0],"1":[0,0],"2":[0,0],"3":[0,0],"4":[0,0],"5":[0,0],"6":[0,0],"7":[0,0]}}
,"D:\\Tracker_kasy\\backend\\src\\budgets\\budgets.module.ts": {"path":"D:\\Tracker_kasy\\backend\\src\\budgets\\budgets.module.ts","statementMap":{"0":{"start":{"line":1,"column":0},"end":{"line":1,"column":40}},"1":{"start":{"line":2,"column":0},"end":{"line":2,"column":57}},"2":{"start":{"line":3,"column":0},"end":{"line":3,"column":51}},"3":{"start":{"line":4,"column":0},"end":{"line":4,"column":50}},"4":{"start":{"line":18,"column":7},"end":{"line":18,"column":null}},"5":{"start":{"line":18,"column":13},"end":{"line":18,"column":26}},"6":{"start":{"line":18,"column":13},"end":{"line":18,"column":null}}},"fnMap":{},"branchMap":{},"s":{"0":0,"1":0,"2":0,"3":0,"4":0,"5":0,"6":0},"f":{},"b":{}}
,"D:\\Tracker_kasy\\backend\\src\\budgets\\budgets.service.ts": {"path":"D:\\Tracker_kasy\\backend\\src\\budgets\\budgets.service.ts","statementMap":{"0":{"start":{"line":1,"column":0},"end":{"line":1,"column":null}},"1":{"start":{"line":7,"column":0},"end":{"line":7,"column":50}},"2":{"start":{"line":13,"column":0},"end":{"line":13,"column":46}},"3":{"start":{"line":25,"column":7},"end":{"line":342,"column":null}},"4":{"start":{"line":26,"column":31},"end":{"line":26,"column":39}},"5":{"start":{"line":32,"column":43},"end":{"line":32,"column":48}},"6":{"start":{"line":34,"column":23},"end":{"line":34,"column":33}},"7":{"start":{"line":36,"column":4},"end":{"line":38,"column":5}},"8":{"start":{"line":37,"column":6},"end":{"line":37,"column":36}},"9":{"start":{"line":40,"column":4},"end":{"line":42,"column":5}},"10":{"start":{"line":41,"column":6},"end":{"line":41,"column":28}},"11":{"start":{"line":44,"column":4},"end":{"line":46,"column":5}},"12":{"start":{"line":45,"column":6},"end":{"line":45,"column":42}},"13":{"start":{"line":48,"column":20},"end":{"line":62,"column":6}},"14":{"start":{"line":64,"column":4},"end":{"line":64,"column":19}},"15":{"start":{"line":71,"column":19},"end":{"line":84,"column":6}},"16":{"start":{"line":86,"column":4},"end":{"line":88,"column":5}},"17":{"start":{"line":87,"column":6},"end":{"line":87,"column":68}},"18":{"start":{"line":90,"column":21},"end":{"line":90,"column":53}},"19":{"start":{"line":92,"column":4},"end":{"line":95,"column":6}},"20":{"start":{"line":102,"column":63},"end":{"line":102,"column":66}},"21":{"start":{"line":105,"column":21},"end":{"line":107,"column":6}},"22":{"start":{"line":109,"column":4},"end":{"line":111,"column":5}},"23":{"start":{"line":110,"column":6},"end":{"line":110,"column":85}},"24":{"start":{"line":114,"column":18},"end":{"line":114,"column":37}},"25":{"start":{"line":117,"column":4},"end":{"line":124,"column":5}},"26":{"start":{"line":118,"column":6},"end":{"line":120,"column":7}},"27":{"start":{"line":119,"column":8},"end":{"line":119,"column":79}},"28":{"start":{"line":121,"column":6},"end":{"line":121,"column":30}},"29":{"start":{"line":123,"column":6},"end":{"line":123,"column":49}},"30":{"start":{"line":127,"column":4},"end":{"line":129,"column":5}},"31":{"start":{"line":128,"column":6},"end":{"line":128,"column":71}},"32":{"start":{"line":132,"column":21},"end":{"line":138,"column":6}},"33":{"start":{"line":140,"column":4},"end":{"line":144,"column":5}},"34":{"start":{"line":141,"column":6},"end":{"line":143,"column":8}},"35":{"start":{"line":147,"column":19},"end":{"line":167,"column":6}},"36":{"start":{"line":169,"column":4},"end":{"line":169,"column":18}},"37":{"start":{"line":177,"column":21},"end":{"line":179,"column":6}},"38":{"start":{"line":181,"column":4},"end":{"line":183,"column":5}},"39":{"start":{"line":182,"column":6},"end":{"line":182,"column":68}},"40":{"start":{"line":185,"column":63},"end":{"line":185,"column":66}},"41":{"start":{"line":188,"column":4},"end":{"line":196,"column":5}},"42":{"start":{"line":189,"column":23},"end":{"line":191,"column":8}},"43":{"start":{"line":193,"column":6},"end":{"line":195,"column":7}},"44":{"start":{"line":194,"column":8},"end":{"line":194,"column":87}},"45":{"start":{"line":199,"column":23},"end":{"line":199,"column":39}},"46":{"start":{"line":201,"column":4},"end":{"line":215,"column":5}},"47":{"start":{"line":202,"column":24},"end":{"line":202,"column":49}},"48":{"start":{"line":203,"column":27},"end":{"line":203,"column":79}},"49":{"start":{"line":205,"column":6},"end":{"line":212,"column":7}},"50":{"start":{"line":206,"column":8},"end":{"line":208,"column":9}},"51":{"start":{"line":207,"column":10},"end":{"line":207,"column":43}},"52":{"start":{"line":211,"column":8},"end":{"line":211,"column":70}},"53":{"start":{"line":213,"column":11},"end":{"line":215,"column":5}},"54":{"start":{"line":214,"column":6},"end":{"line":214,"column":39}},"55":{"start":{"line":218,"column":20},"end":{"line":238,"column":6}},"56":{"start":{"line":240,"column":4},"end":{"line":240,"column":19}},"57":{"start":{"line":247,"column":19},"end":{"line":249,"column":6}},"58":{"start":{"line":251,"column":4},"end":{"line":253,"column":5}},"59":{"start":{"line":252,"column":6},"end":{"line":252,"column":68}},"60":{"start":{"line":255,"column":4},"end":{"line":257,"column":7}},"61":{"start":{"line":271,"column":19},"end":{"line":273,"column":6}},"62":{"start":{"line":275,"column":4},"end":{"line":277,"column":5}},"63":{"start":{"line":276,"column":6},"end":{"line":276,"column":74}},"64":{"start":{"line":280,"column":19},"end":{"line":293,"column":6}},"65":{"start":{"line":295,"column":18},"end":{"line":295,"column":49}},"66":{"start":{"line":296,"column":18},"end":{"line":296,"column":39}},"67":{"start":{"line":297,"column":23},"end":{"line":297,"column":60}},"68":{"start":{"line":298,"column":22},"end":{"line":298,"column":35}},"69":{"start":{"line":301,"column":29},"end":{"line":301,"column":31}},"70":{"start":{"line":302,"column":4},"end":{"line":306,"column":5}},"71":{"start":{"line":303,"column":6},"end":{"line":303,"column":25}},"72":{"start":{"line":304,"column":11},"end":{"line":306,"column":5}},"73":{"start":{"line":305,"column":6},"end":{"line":305,"column":33}},"74":{"start":{"line":308,"column":4},"end":{"line":314,"column":6}},"75":{"start":{"line":321,"column":16},"end":{"line":321,"column":35}},"76":{"start":{"line":323,"column":4},"end":{"line":338,"column":5}},"77":{"start":{"line":325,"column":8},"end":{"line":325,"column":39}},"78":{"start":{"line":326,"column":8},"end":{"line":326,"column":14}},"79":{"start":{"line":328,"column":8},"end":{"line":328,"column":39}},"80":{"start":{"line":329,"column":8},"end":{"line":329,"column":14}},"81":{"start":{"line":331,"column":8},"end":{"line":331,"column":41}},"82":{"start":{"line":332,"column":8},"end":{"line":332,"column":14}},"83":{"start":{"line":334,"column":8},"end":{"line":334,"column":47}},"84":{"start":{"line":335,"column":8},"end":{"line":335,"column":14}},"85":{"start":{"line":337,"column":8},"end":{"line":337,"column":67}},"86":{"start":{"line":340,"column":4},"end":{"line":340,"column":15}},"87":{"start":{"line":25,"column":13},"end":{"line":25,"column":27}},"88":{"start":{"line":25,"column":13},"end":{"line":342,"column":null}}},"fnMap":{"0":{"name":"(anonymous_2)","decl":{"start":{"line":26,"column":2},"end":{"line":26,"column":31}},"loc":{"start":{"line":26,"column":52},"end":{"line":26,"column":56}}},"1":{"name":"(anonymous_3)","decl":{"start":{"line":31,"column":2},"end":{"line":31,"column":7}},"loc":{"start":{"line":31,"column":53},"end":{"line":65,"column":3}}},"2":{"name":"(anonymous_4)","decl":{"start":{"line":70,"column":2},"end":{"line":70,"column":7}},"loc":{"start":{"line":70,"column":42},"end":{"line":96,"column":3}}},"3":{"name":"(anonymous_5)","decl":{"start":{"line":101,"column":2},"end":{"line":101,"column":7}},"loc":{"start":{"line":101,"column":51},"end":{"line":170,"column":3}}},"4":{"name":"(anonymous_6)","decl":{"start":{"line":175,"column":2},"end":{"line":175,"column":7}},"loc":{"start":{"line":175,"column":63},"end":{"line":241,"column":3}}},"5":{"name":"(anonymous_7)","decl":{"start":{"line":246,"column":2},"end":{"line":246,"column":7}},"loc":{"start":{"line":246,"column":41},"end":{"line":258,"column":3}}},"6":{"name":"(anonymous_8)","decl":{"start":{"line":270,"column":2},"end":{"line":270,"column":7}},"loc":{"start":{"line":270,"column":42},"end":{"line":315,"column":3}}},"7":{"name":"(anonymous_9)","decl":{"start":{"line":320,"column":10},"end":{"line":320,"column":26}},"loc":{"start":{"line":320,"column":64},"end":{"line":341,"column":3}}}},"branchMap":{"0":{"loc":{"start":{"line":36,"column":4},"end":{"line":38,"column":5}},"type":"if","locations":[{"start":{"line":36,"column":4},"end":{"line":38,"column":5}},{"start":{},"end":{}}]},"1":{"loc":{"start":{"line":40,"column":4},"end":{"line":42,"column":5}},"type":"if","locations":[{"start":{"line":40,"column":4},"end":{"line":42,"column":5}},{"start":{},"end":{}}]},"2":{"loc":{"start":{"line":44,"column":4},"end":{"line":46,"column":5}},"type":"if","locations":[{"start":{"line":44,"column":4},"end":{"line":46,"column":5}},{"start":{},"end":{}}]},"3":{"loc":{"start":{"line":86,"column":4},"end":{"line":88,"column":5}},"type":"if","locations":[{"start":{"line":86,"column":4},"end":{"line":88,"column":5}},{"start":{},"end":{}}]},"4":{"loc":{"start":{"line":109,"column":4},"end":{"line":111,"column":5}},"type":"if","locations":[{"start":{"line":109,"column":4},"end":{"line":111,"column":5}},{"start":{},"end":{}}]},"5":{"loc":{"start":{"line":117,"column":4},"end":{"line":124,"column":5}},"type":"if","locations":[{"start":{"line":117,"column":4},"end":{"line":124,"column":5}},{"start":{"line":122,"column":11},"end":{"line":124,"column":5}}]},"6":{"loc":{"start":{"line":118,"column":6},"end":{"line":120,"column":7}},"type":"if","locations":[{"start":{"line":118,"column":6},"end":{"line":120,"column":7}},{"start":{},"end":{}}]},"7":{"loc":{"start":{"line":127,"column":4},"end":{"line":129,"column":5}},"type":"if","locations":[{"start":{"line":127,"column":4},"end":{"line":129,"column":5}},{"start":{},"end":{}}]},"8":{"loc":{"start":{"line":140,"column":4},"end":{"line":144,"column":5}},"type":"if","locations":[{"start":{"line":140,"column":4},"end":{"line":144,"column":5}},{"start":{},"end":{}}]},"9":{"loc":{"start":{"line":181,"column":4},"end":{"line":183,"column":5}},"type":"if","locations":[{"start":{"line":181,"column":4},"end":{"line":183,"column":5}},{"start":{},"end":{}}]},"10":{"loc":{"start":{"line":188,"column":4},"end":{"line":196,"column":5}},"type":"if","locations":[{"start":{"line":188,"column":4},"end":{"line":196,"column":5}},{"start":{},"end":{}}]},"11":{"loc":{"start":{"line":193,"column":6},"end":{"line":195,"column":7}},"type":"if","locations":[{"start":{"line":193,"column":6},"end":{"line":195,"column":7}},{"start":{},"end":{}}]},"12":{"loc":{"start":{"line":201,"column":4},"end":{"line":215,"column":5}},"type":"if","locations":[{"start":{"line":201,"column":4},"end":{"line":215,"column":5}},{"start":{"line":213,"column":11},"end":{"line":215,"column":5}}]},"13":{"loc":{"start":{"line":201,"column":8},"end":{"line":201,"column":27}},"type":"binary-expr","locations":[{"start":{"line":201,"column":8},"end":{"line":201,"column":14}},{"start":{"line":201,"column":18},"end":{"line":201,"column":27}}]},"14":{"loc":{"start":{"line":202,"column":24},"end":{"line":202,"column":49}},"type":"binary-expr","locations":[{"start":{"line":202,"column":24},"end":{"line":202,"column":30}},{"start":{"line":202,"column":34},"end":{"line":202,"column":49}}]},"15":{"loc":{"start":{"line":203,"column":27},"end":{"line":203,"column":79}},"type":"cond-expr","locations":[{"start":{"line":203,"column":39},"end":{"line":203,"column":58}},{"start":{"line":203,"column":61},"end":{"line":203,"column":79}}]},"16":{"loc":{"start":{"line":205,"column":6},"end":{"line":212,"column":7}},"type":"if","locations":[{"start":{"line":205,"column":6},"end":{"line":212,"column":7}},{"start":{"line":210,"column":13},"end":{"line":212,"column":7}}]},"17":{"loc":{"start":{"line":206,"column":8},"end":{"line":208,"column":9}},"type":"if","locations":[{"start":{"line":206,"column":8},"end":{"line":208,"column":9}},{"start":{},"end":{}}]},"18":{"loc":{"start":{"line":213,"column":11},"end":{"line":215,"column":5}},"type":"if","locations":[{"start":{"line":213,"column":11},"end":{"line":215,"column":5}},{"start":{},"end":{}}]},"19":{"loc":{"start":{"line":221,"column":12},"end":{"line":221,"column":40}},"type":"binary-expr","locations":[{"start":{"line":221,"column":12},"end":{"line":221,"column":22}},{"start":{"line":221,"column":26},"end":{"line":221,"column":40}}]},"20":{"loc":{"start":{"line":222,"column":12},"end":{"line":222,"column":32}},"type":"binary-expr","locations":[{"start":{"line":222,"column":12},"end":{"line":222,"column":18}},{"start":{"line":222,"column":22},"end":{"line":222,"column":32}}]},"21":{"loc":{"start":{"line":223,"column":12},"end":{"line":223,"column":32}},"type":"binary-expr","locations":[{"start":{"line":223,"column":12},"end":{"line":223,"column":18}},{"start":{"line":223,"column":22},"end":{"line":223,"column":32}}]},"22":{"loc":{"start":{"line":224,"column":12},"end":{"line":224,"column":59}},"type":"binary-expr","locations":[{"start":{"line":224,"column":12},"end":{"line":224,"column":21}},{"start":{"line":224,"column":25},"end":{"line":224,"column":59}}]},"23":{"loc":{"start":{"line":251,"column":4},"end":{"line":253,"column":5}},"type":"if","locations":[{"start":{"line":251,"column":4},"end":{"line":253,"column":5}},{"start":{},"end":{}}]},"24":{"loc":{"start":{"line":275,"column":4},"end":{"line":277,"column":5}},"type":"if","locations":[{"start":{"line":275,"column":4},"end":{"line":277,"column":5}},{"start":{},"end":{}}]},"25":{"loc":{"start":{"line":295,"column":25},"end":{"line":295,"column":48}},"type":"binary-expr","locations":[{"start":{"line":295,"column":25},"end":{"line":295,"column":43}},{"start":{"line":295,"column":47},"end":{"line":295,"column":48}}]},"26":{"loc":{"start":{"line":297,"column":23},"end":{"line":297,"column":60}},"type":"cond-expr","locations":[{"start":{"line":297,"column":35},"end":{"line":297,"column":56}},{"start":{"line":297,"column":59},"end":{"line":297,"column":60}}]},"27":{"loc":{"start":{"line":302,"column":4},"end":{"line":306,"column":5}},"type":"if","locations":[{"start":{"line":302,"column":4},"end":{"line":306,"column":5}},{"start":{"line":304,"column":11},"end":{"line":306,"column":5}}]},"28":{"loc":{"start":{"line":302,"column":8},"end":{"line":302,"column":44}},"type":"binary-expr","locations":[{"start":{"line":302,"column":8},"end":{"line":302,"column":24}},{"start":{"line":302,"column":28},"end":{"line":302,"column":44}}]},"29":{"loc":{"start":{"line":304,"column":11},"end":{"line":306,"column":5}},"type":"if","locations":[{"start":{"line":304,"column":11},"end":{"line":306,"column":5}},{"start":{},"end":{}}]},"30":{"loc":{"start":{"line":323,"column":4},"end":{"line":338,"column":5}},"type":"switch","locations":[{"start":{"line":324,"column":6},"end":{"line":326,"column":14}},{"start":{"line":327,"column":6},"end":{"line":329,"column":14}},{"start":{"line":330,"column":6},"end":{"line":332,"column":14}},{"start":{"line":333,"column":6},"end":{"line":335,"column":14}},{"start":{"line":336,"column":6},"end":{"line":337,"column":67}}]},"31":{"loc":{"start":{"line":26,"column":39},"end":{"line":26,"column":55}},"type":"cond-expr","locations":[{"start":{"line":26,"column":52},"end":{"line":26,"column":55}},{"start":{"line":26,"column":52},"end":{"line":26,"column":55}}]},"32":{"loc":{"start":{"line":26,"column":39},"end":{"line":26,"column":52}},"type":"binary-expr","locations":[{"start":{"line":26,"column":39},"end":{"line":26,"column":55}},{"start":{"line":26,"column":39},"end":{"line":26,"column":52}}]}},"s":{"0":1,"1":1,"2":1,"3":1,"4":24,"5":4,"6":4,"7":4,"8":1,"9":4,"10":1,"11":4,"12":1,"13":4,"14":4,"15":2,"16":2,"17":1,"18":1,"19":1,"20":4,"21":4,"22":4,"23":1,"24":3,"25":3,"26":1,"27":1,"28":0,"29":2,"30":2,"31":0,"32":2,"33":2,"34":1,"35":1,"36":1,"37":2,"38":2,"39":1,"40":1,"41":1,"42":0,"43":0,"44":0,"45":1,"46":1,"47":0,"48":0,"49":0,"50":0,"51":0,"52":0,"53":1,"54":0,"55":1,"56":1,"57":2,"58":2,"59":1,"60":1,"61":10,"62":10,"63":1,"64":9,"65":9,"66":9,"67":9,"68":9,"69":9,"70":9,"71":1,"72":8,"73":2,"74":9,"75":2,"76":2,"77":0,"78":0,"79":0,"80":0,"81":2,"82":2,"83":0,"84":0,"85":0,"86":2,"87":1,"88":1},"f":{"0":24,"1":4,"2":2,"3":4,"4":2,"5":2,"6":10,"7":2},"b":{"0":[1,3],"1":[1,3],"2":[1,3],"3":[1,1],"4":[1,3],"5":[1,2],"6":[1,0],"7":[0,2],"8":[1,1],"9":[1,1],"10":[0,1],"11":[0,0],"12":[0,1],"13":[1,1],"14":[0,0],"15":[0,0],"16":[0,0],"17":[0,0],"18":[0,1],"19":[1,0],"20":[1,1],"21":[1,0],"22":[1,0],"23":[1,1],"24":[1,9],"25":[9,1],"26":[9,0],"27":[1,8],"28":[9,3],"29":[2,6],"30":[0,0,2,0,0],"31":[1,0],"32":[1,1]}}
,"D:\\Tracker_kasy\\backend\\src\\budgets\\dto\\create-budget.dto.ts": {"path":"D:\\Tracker_kasy\\backend\\src\\budgets\\dto\\create-budget.dto.ts","statementMap":{"0":{"start":{"line":1,"column":0},"end":{"line":1,"column":null}},"1":{"start":{"line":9,"column":0},"end":{"line":9,"column":46}},"2":{"start":{"line":21,"column":0},"end":{"line":21,"column":13}},"3":{"start":{"line":23,"column":2},"end":{"line":23,"column":null}},"4":{"start":{"line":27,"column":2},"end":{"line":27,"column":null}},"5":{"start":{"line":30,"column":2},"end":{"line":30,"column":null}},"6":{"start":{"line":33,"column":2},"end":{"line":33,"column":21}},"7":{"start":{"line":37,"column":2},"end":{"line":37,"column":20}}},"fnMap":{},"branchMap":{"0":{"loc":{"start":{"line":30,"column":10},"end":{"line":30,"column":23}},"type":"cond-expr","locations":[{"start":{"line":30,"column":22},"end":{"line":30,"column":23}},{"start":{"line":30,"column":22},"end":{"line":30,"column":23}}]},"1":{"loc":{"start":{"line":30,"column":10},"end":{"line":30,"column":22}},"type":"binary-expr","locations":[{"start":{"line":30,"column":10},"end":{"line":30,"column":23}},{"start":{"line":30,"column":10},"end":{"line":30,"column":22}}]}},"s":{"0":0,"1":0,"2":0,"3":0,"4":0,"5":0,"6":0,"7":0},"f":{},"b":{"0":[0,0],"1":[0,0]}}
,"D:\\Tracker_kasy\\backend\\src\\budgets\\dto\\index.ts": {"path":"D:\\Tracker_kasy\\backend\\src\\budgets\\dto\\index.ts","statementMap":{"0":{"start":{"line":1,"column":0},"end":{"line":1,"column":9}},"1":{"start":{"line":1,"column":9},"end":{"line":1,"column":54}},"2":{"start":{"line":2,"column":0},"end":{"line":2,"column":9}},"3":{"start":{"line":2,"column":9},"end":{"line":2,"column":54}},"4":{"start":{"line":3,"column":0},"end":{"line":3,"column":9}},"5":{"start":{"line":3,"column":9},"end":{"line":3,"column":52}}},"fnMap":{"0":{"name":"(anonymous_0)","decl":{"start":{"line":1,"column":9},"end":{"line":1,"column":24}},"loc":{"start":{"line":1,"column":9},"end":{"line":1,"column":54}}},"1":{"name":"(anonymous_1)","decl":{"start":{"line":2,"column":9},"end":{"line":2,"column":24}},"loc":{"start":{"line":2,"column":9},"end":{"line":2,"column":54}}},"2":{"name":"(anonymous_2)","decl":{"start":{"line":3,"column":9},"end":{"line":3,"column":23}},"loc":{"start":{"line":3,"column":9},"end":{"line":3,"column":52}}}},"branchMap":{},"s":{"0":0,"1":0,"2":0,"3":0,"4":0,"5":0},"f":{"0":0,"1":0,"2":0},"b":{}}
,"D:\\Tracker_kasy\\backend\\src\\budgets\\dto\\query-budget.dto.ts": {"path":"D:\\Tracker_kasy\\backend\\src\\budgets\\dto\\query-budget.dto.ts","statementMap":{"0":{"start":{"line":1,"column":0},"end":{"line":1,"column":72}},"1":{"start":{"line":2,"column":0},"end":{"line":2,"column":46}},"2":{"start":{"line":3,"column":0},"end":{"line":3,"column":46}},"3":{"start":{"line":8,"column":0},"end":{"line":8,"column":13}},"4":{"start":{"line":11,"column":2},"end":{"line":11,"column":null}},"5":{"start":{"line":15,"column":2},"end":{"line":15,"column":null}},"6":{"start":{"line":20,"column":2},"end":{"line":20,"column":20}},"7":{"start":{"line":19,"column":28},"end":{"line":19,"column":62}}},"fnMap":{"0":{"name":"(anonymous_2)","decl":{"start":{"line":19,"column":13},"end":{"line":19,"column":14}},"loc":{"start":{"line":19,"column":28},"end":{"line":19,"column":62}}}},"branchMap":{"0":{"loc":{"start":{"line":15,"column":11},"end":{"line":15,"column":24}},"type":"cond-expr","locations":[{"start":{"line":15,"column":23},"end":{"line":15,"column":24}},{"start":{"line":15,"column":23},"end":{"line":15,"column":24}}]},"1":{"loc":{"start":{"line":15,"column":11},"end":{"line":15,"column":23}},"type":"binary-expr","locations":[{"start":{"line":15,"column":11},"end":{"line":15,"column":24}},{"start":{"line":15,"column":11},"end":{"line":15,"column":23}}]},"2":{"loc":{"start":{"line":19,"column":28},"end":{"line":19,"column":62}},"type":"binary-expr","locations":[{"start":{"line":19,"column":28},"end":{"line":19,"column":44}},{"start":{"line":19,"column":48},"end":{"line":19,"column":62}}]}},"s":{"0":0,"1":0,"2":0,"3":0,"4":0,"5":0,"6":0,"7":0},"f":{"0":0},"b":{"0":[0,0],"1":[0,0],"2":[0,0]}}
,"D:\\Tracker_kasy\\backend\\src\\budgets\\dto\\update-budget.dto.ts": {"path":"D:\\Tracker_kasy\\backend\\src\\budgets\\dto\\update-budget.dto.ts","statementMap":{"0":{"start":{"line":1,"column":0},"end":{"line":1,"column":51}},"1":{"start":{"line":2,"column":0},"end":{"line":2,"column":54}},"2":{"start":{"line":8,"column":0},"end":{"line":8,"column":13}}},"fnMap":{},"branchMap":{},"s":{"0":0,"1":0,"2":0},"f":{},"b":{}}
,"D:\\Tracker_kasy\\backend\\src\\categories\\categories.controller.ts": {"path":"D:\\Tracker_kasy\\backend\\src\\categories\\categories.controller.ts","statementMap":{"0":{"start":{"line":1,"column":0},"end":{"line":1,"column":null}},"1":{"start":{"line":11,"column":0},"end":{"line":11,"column":61}},"2":{"start":{"line":12,"column":0},"end":{"line":12,"column":57}},"3":{"start":{"line":13,"column":0},"end":{"line":13,"column":61}},"4":{"start":{"line":14,"column":0},"end":{"line":14,"column":49}},"5":{"start":{"line":22,"column":7},"end":{"line":82,"column":null}},"6":{"start":{"line":23,"column":31},"end":{"line":23,"column":50}},"7":{"start":{"line":34,"column":4},"end":{"line":34,"column":68}},"8":{"start":{"line":43,"column":4},"end":{"line":43,"column":50}},"9":{"start":{"line":55,"column":4},"end":{"line":55,"column":54}},"10":{"start":{"line":68,"column":4},"end":{"line":68,"column":72}},"11":{"start":{"line":80,"column":4},"end":{"line":80,"column":53}},"12":{"start":{"line":22,"column":13},"end":{"line":22,"column":33}},"13":{"start":{"line":30,"column":8},"end":{"line":35,"column":null}},"14":{"start":{"line":42,"column":8},"end":{"line":44,"column":null}},"15":{"start":{"line":51,"column":8},"end":{"line":56,"column":null}},"16":{"start":{"line":63,"column":8},"end":{"line":69,"column":null}},"17":{"start":{"line":76,"column":8},"end":{"line":81,"column":null}},"18":{"start":{"line":22,"column":13},"end":{"line":82,"column":null}}},"fnMap":{"0":{"name":"(anonymous_4)","decl":{"start":{"line":23,"column":2},"end":{"line":23,"column":31}},"loc":{"start":{"line":23,"column":67},"end":{"line":23,"column":71}}},"1":{"name":"(anonymous_5)","decl":{"start":{"line":30,"column":8},"end":{"line":30,"column":14}},"loc":{"start":{"line":32,"column":48},"end":{"line":35,"column":3}}},"2":{"name":"(anonymous_6)","decl":{"start":{"line":42,"column":8},"end":{"line":42,"column":15}},"loc":{"start":{"line":42,"column":49},"end":{"line":44,"column":3}}},"3":{"name":"(anonymous_7)","decl":{"start":{"line":51,"column":8},"end":{"line":51,"column":15}},"loc":{"start":{"line":53,"column":37},"end":{"line":56,"column":3}}},"4":{"name":"(anonymous_8)","decl":{"start":{"line":63,"column":8},"end":{"line":63,"column":14}},"loc":{"start":{"line":66,"column":48},"end":{"line":69,"column":3}}},"5":{"name":"(anonymous_9)","decl":{"start":{"line":76,"column":8},"end":{"line":76,"column":14}},"loc":{"start":{"line":78,"column":37},"end":{"line":81,"column":3}}}},"branchMap":{"0":{"loc":{"start":{"line":32,"column":31},"end":{"line":32,"column":null}},"type":"cond-expr","locations":[{"start":{"line":32,"column":48},"end":{"line":32,"column":null}},{"start":{"line":32,"column":48},"end":{"line":32,"column":null}}]},"1":{"loc":{"start":{"line":32,"column":31},"end":{"line":32,"column":48}},"type":"binary-expr","locations":[{"start":{"line":32,"column":31},"end":{"line":32,"column":null}},{"start":{"line":32,"column":31},"end":{"line":32,"column":48}}]},"2":{"loc":{"start":{"line":66,"column":31},"end":{"line":66,"column":null}},"type":"cond-expr","locations":[{"start":{"line":66,"column":48},"end":{"line":66,"column":null}},{"start":{"line":66,"column":48},"end":{"line":66,"column":null}}]},"3":{"loc":{"start":{"line":66,"column":31},"end":{"line":66,"column":48}},"type":"binary-expr","locations":[{"start":{"line":66,"column":31},"end":{"line":66,"column":null}},{"start":{"line":66,"column":31},"end":{"line":66,"column":48}}]},"4":{"loc":{"start":{"line":23,"column":50},"end":{"line":23,"column":70}},"type":"cond-expr","locations":[{"start":{"line":23,"column":67},"end":{"line":23,"column":70}},{"start":{"line":23,"column":67},"end":{"line":23,"column":70}}]},"5":{"loc":{"start":{"line":23,"column":50},"end":{"line":23,"column":67}},"type":"binary-expr","locations":[{"start":{"line":23,"column":50},"end":{"line":23,"column":70}},{"start":{"line":23,"column":50},"end":{"line":23,"column":67}}]}},"s":{"0":0,"1":0,"2":0,"3":0,"4":0,"5":0,"6":0,"7":0,"8":0,"9":0,"10":0,"11":0,"12":0,"13":0,"14":0,"15":0,"16":0,"17":0,"18":0},"f":{"0":0,"1":0,"2":0,"3":0,"4":0,"5":0},"b":{"0":[0,0],"1":[0,0],"2":[0,0],"3":[0,0],"4":[0,0],"5":[0,0]}}
,"D:\\Tracker_kasy\\backend\\src\\categories\\categories.module.ts": {"path":"D:\\Tracker_kasy\\backend\\src\\categories\\categories.module.ts","statementMap":{"0":{"start":{"line":1,"column":0},"end":{"line":1,"column":40}},"1":{"start":{"line":2,"column":0},"end":{"line":2,"column":63}},"2":{"start":{"line":3,"column":0},"end":{"line":3,"column":57}},"3":{"start":{"line":4,"column":0},"end":{"line":4,"column":50}},"4":{"start":{"line":10,"column":7},"end":{"line":10,"column":null}},"5":{"start":{"line":10,"column":13},"end":{"line":10,"column":29}},"6":{"start":{"line":10,"column":13},"end":{"line":10,"column":null}}},"fnMap":{},"branchMap":{},"s":{"0":0,"1":0,"2":0,"3":0,"4":0,"5":0,"6":0},"f":{},"b":{}}
,"D:\\Tracker_kasy\\backend\\src\\categories\\categories.service.ts": {"path":"D:\\Tracker_kasy\\backend\\src\\categories\\categories.service.ts","statementMap":{"0":{"start":{"line":1,"column":0},"end":{"line":1,"column":null}},"1":{"start":{"line":6,"column":0},"end":{"line":6,"column":50}},"2":{"start":{"line":14,"column":7},"end":{"line":104,"column":null}},"3":{"start":{"line":15,"column":31},"end":{"line":15,"column":39}},"4":{"start":{"line":21,"column":4},"end":{"line":32,"column":7}},"5":{"start":{"line":39,"column":21},"end":{"line":41,"column":6}},"6":{"start":{"line":43,"column":4},"end":{"line":45,"column":5}},"7":{"start":{"line":44,"column":6},"end":{"line":44,"column":81}},"8":{"start":{"line":47,"column":4},"end":{"line":47,"column":20}},"9":{"start":{"line":54,"column":4},"end":{"line":59,"column":7}},"10":{"start":{"line":71,"column":4},"end":{"line":71,"column":35}},"11":{"start":{"line":73,"column":4},"end":{"line":76,"column":7}},"12":{"start":{"line":85,"column":4},"end":{"line":85,"column":35}},"13":{"start":{"line":88,"column":30},"end":{"line":90,"column":6}},"14":{"start":{"line":92,"column":4},"end":{"line":96,"column":5}},"15":{"start":{"line":93,"column":6},"end":{"line":95,"column":8}},"16":{"start":{"line":98,"column":4},"end":{"line":100,"column":7}},"17":{"start":{"line":102,"column":4},"end":{"line":102,"column":53}},"18":{"start":{"line":14,"column":13},"end":{"line":14,"column":30}},"19":{"start":{"line":14,"column":13},"end":{"line":104,"column":null}}},"fnMap":{"0":{"name":"(anonymous_2)","decl":{"start":{"line":15,"column":2},"end":{"line":15,"column":31}},"loc":{"start":{"line":15,"column":52},"end":{"line":15,"column":56}}},"1":{"name":"(anonymous_3)","decl":{"start":{"line":20,"column":2},"end":{"line":20,"column":7}},"loc":{"start":{"line":20,"column":30},"end":{"line":33,"column":3}}},"2":{"name":"(anonymous_4)","decl":{"start":{"line":38,"column":2},"end":{"line":38,"column":7}},"loc":{"start":{"line":38,"column":42},"end":{"line":48,"column":3}}},"3":{"name":"(anonymous_5)","decl":{"start":{"line":53,"column":2},"end":{"line":53,"column":7}},"loc":{"start":{"line":53,"column":67},"end":{"line":60,"column":3}}},"4":{"name":"(anonymous_6)","decl":{"start":{"line":65,"column":2},"end":{"line":65,"column":7}},"loc":{"start":{"line":68,"column":40},"end":{"line":77,"column":3}}},"5":{"name":"(anonymous_7)","decl":{"start":{"line":83,"column":2},"end":{"line":83,"column":7}},"loc":{"start":{"line":83,"column":41},"end":{"line":103,"column":3}}}},"branchMap":{"0":{"loc":{"start":{"line":43,"column":4},"end":{"line":45,"column":5}},"type":"if","locations":[{"start":{"line":43,"column":4},"end":{"line":45,"column":5}},{"start":{},"end":{}}]},"1":{"loc":{"start":{"line":92,"column":4},"end":{"line":96,"column":5}},"type":"if","locations":[{"start":{"line":92,"column":4},"end":{"line":96,"column":5}},{"start":{},"end":{}}]},"2":{"loc":{"start":{"line":15,"column":39},"end":{"line":15,"column":55}},"type":"cond-expr","locations":[{"start":{"line":15,"column":52},"end":{"line":15,"column":55}},{"start":{"line":15,"column":52},"end":{"line":15,"column":55}}]},"3":{"loc":{"start":{"line":15,"column":39},"end":{"line":15,"column":52}},"type":"binary-expr","locations":[{"start":{"line":15,"column":39},"end":{"line":15,"column":55}},{"start":{"line":15,"column":39},"end":{"line":15,"column":52}}]}},"s":{"0":1,"1":1,"2":1,"3":16,"4":3,"5":12,"6":12,"7":7,"8":5,"9":2,"10":3,"11":1,"12":5,"13":3,"14":3,"15":2,"16":1,"17":1,"18":1,"19":1},"f":{"0":16,"1":3,"2":12,"3":2,"4":3,"5":5},"b":{"0":[7,5],"1":[2,1],"2":[1,0],"3":[1,1]}}
,"D:\\Tracker_kasy\\backend\\src\\categories\\dto\\create-category.dto.ts": {"path":"D:\\Tracker_kasy\\backend\\src\\categories\\dto\\create-category.dto.ts","statementMap":{"0":{"start":{"line":1,"column":0},"end":{"line":1,"column":null}},"1":{"start":{"line":10,"column":0},"end":{"line":10,"column":null}},"2":{"start":{"line":11,"column":2},"end":{"line":11,"column":null}},"3":{"start":{"line":12,"column":2},"end":{"line":12,"column":null}},"4":{"start":{"line":18,"column":0},"end":{"line":18,"column":13}},"5":{"start":{"line":22,"column":2},"end":{"line":22,"column":null}},"6":{"start":{"line":27,"column":2},"end":{"line":27,"column":null}},"7":{"start":{"line":34,"column":2},"end":{"line":34,"column":null}},"8":{"start":{"line":39,"column":2},"end":{"line":39,"column":null}}},"fnMap":{"0":{"name":"(anonymous_2)","decl":{"start":{"line":10,"column":0},"end":{"line":10,"column":12}},"loc":{"start":{"line":10,"column":24},"end":{"line":13,"column":1}}}},"branchMap":{"0":{"loc":{"start":{"line":10,"column":12},"end":{"line":10,"column":null}},"type":"binary-expr","locations":[{"start":{"line":10,"column":12},"end":{"line":10,"column":24}},{"start":{"line":10,"column":24},"end":{"line":10,"column":null}}]}},"s":{"0":0,"1":0,"2":0,"3":0,"4":0,"5":0,"6":0,"7":0,"8":0},"f":{"0":0},"b":{"0":[0,0]}}
,"D:\\Tracker_kasy\\backend\\src\\categories\\dto\\index.ts": {"path":"D:\\Tracker_kasy\\backend\\src\\categories\\dto\\index.ts","statementMap":{"0":{"start":{"line":1,"column":0},"end":{"line":1,"column":9}},"1":{"start":{"line":1,"column":9},"end":{"line":1,"column":28}},"2":{"start":{"line":1,"column":28},"end":{"line":1,"column":72}},"3":{"start":{"line":2,"column":0},"end":{"line":2,"column":9}},"4":{"start":{"line":2,"column":9},"end":{"line":2,"column":58}}},"fnMap":{"0":{"name":"(anonymous_0)","decl":{"start":{"line":1,"column":9},"end":{"line":1,"column":26}},"loc":{"start":{"line":1,"column":9},"end":{"line":1,"column":28}}},"1":{"name":"(anonymous_1)","decl":{"start":{"line":1,"column":28},"end":{"line":1,"column":40}},"loc":{"start":{"line":1,"column":28},"end":{"line":1,"column":72}}},"2":{"name":"(anonymous_2)","decl":{"start":{"line":2,"column":9},"end":{"line":2,"column":26}},"loc":{"start":{"line":2,"column":9},"end":{"line":2,"column":58}}}},"branchMap":{},"s":{"0":0,"1":0,"2":0,"3":0,"4":0},"f":{"0":0,"1":0,"2":0},"b":{}}
,"D:\\Tracker_kasy\\backend\\src\\categories\\dto\\update-category.dto.ts": {"path":"D:\\Tracker_kasy\\backend\\src\\categories\\dto\\update-category.dto.ts","statementMap":{"0":{"start":{"line":1,"column":0},"end":{"line":1,"column":51}},"1":{"start":{"line":2,"column":0},"end":{"line":2,"column":58}},"2":{"start":{"line":8,"column":0},"end":{"line":8,"column":13}}},"fnMap":{},"branchMap":{},"s":{"0":0,"1":0,"2":0},"f":{},"b":{}}
,"D:\\Tracker_kasy\\backend\\src\\reports\\reports.controller.ts": {"path":"D:\\Tracker_kasy\\backend\\src\\reports\\reports.controller.ts","statementMap":{"0":{"start":{"line":1,"column":0},"end":{"line":1,"column":67}},"1":{"start":{"line":2,"column":0},"end":{"line":2,"column":61}},"2":{"start":{"line":3,"column":0},"end":{"line":3,"column":72}},"3":{"start":{"line":4,"column":0},"end":{"line":4,"column":51}},"4":{"start":{"line":5,"column":0},"end":{"line":5,"column":56}},"5":{"start":{"line":9,"column":7},"end":{"line":46,"column":null}},"6":{"start":{"line":10,"column":31},"end":{"line":10,"column":47}},"7":{"start":{"line":21,"column":22},"end":{"line":21,"column":47}},"8":{"start":{"line":22,"column":20},"end":{"line":22,"column":43}},"9":{"start":{"line":24,"column":4},"end":{"line":24,"column":70}},"10":{"start":{"line":36,"column":22},"end":{"line":36,"column":47}},"11":{"start":{"line":37,"column":20},"end":{"line":37,"column":43}},"12":{"start":{"line":39,"column":4},"end":{"line":44,"column":6}},"13":{"start":{"line":9,"column":13},"end":{"line":9,"column":30}},"14":{"start":{"line":17,"column":8},"end":{"line":25,"column":null}},"15":{"start":{"line":32,"column":8},"end":{"line":45,"column":null}},"16":{"start":{"line":9,"column":13},"end":{"line":46,"column":null}}},"fnMap":{"0":{"name":"(anonymous_4)","decl":{"start":{"line":10,"column":2},"end":{"line":10,"column":31}},"loc":{"start":{"line":10,"column":61},"end":{"line":10,"column":65}}},"1":{"name":"(anonymous_5)","decl":{"start":{"line":17,"column":8},"end":{"line":17,"column":18}},"loc":{"start":{"line":19,"column":34},"end":{"line":25,"column":3}}},"2":{"name":"(anonymous_6)","decl":{"start":{"line":32,"column":8},"end":{"line":32,"column":27}},"loc":{"start":{"line":34,"column":34},"end":{"line":45,"column":3}}}},"branchMap":{"0":{"loc":{"start":{"line":19,"column":20},"end":{"line":19,"column":null}},"type":"cond-expr","locations":[{"start":{"line":19,"column":34},"end":{"line":19,"column":null}},{"start":{"line":19,"column":34},"end":{"line":19,"column":null}}]},"1":{"loc":{"start":{"line":19,"column":20},"end":{"line":19,"column":34}},"type":"binary-expr","locations":[{"start":{"line":19,"column":20},"end":{"line":19,"column":null}},{"start":{"line":19,"column":20},"end":{"line":19,"column":34}}]},"2":{"loc":{"start":{"line":34,"column":20},"end":{"line":34,"column":null}},"type":"cond-expr","locations":[{"start":{"line":34,"column":34},"end":{"line":34,"column":null}},{"start":{"line":34,"column":34},"end":{"line":34,"column":null}}]},"3":{"loc":{"start":{"line":34,"column":20},"end":{"line":34,"column":34}},"type":"binary-expr","locations":[{"start":{"line":34,"column":20},"end":{"line":34,"column":null}},{"start":{"line":34,"column":20},"end":{"line":34,"column":34}}]},"4":{"loc":{"start":{"line":10,"column":47},"end":{"line":10,"column":64}},"type":"cond-expr","locations":[{"start":{"line":10,"column":61},"end":{"line":10,"column":64}},{"start":{"line":10,"column":61},"end":{"line":10,"column":64}}]},"5":{"loc":{"start":{"line":10,"column":47},"end":{"line":10,"column":61}},"type":"binary-expr","locations":[{"start":{"line":10,"column":47},"end":{"line":10,"column":64}},{"start":{"line":10,"column":47},"end":{"line":10,"column":61}}]}},"s":{"0":0,"1":0,"2":0,"3":0,"4":0,"5":0,"6":0,"7":0,"8":0,"9":0,"10":0,"11":0,"12":0,"13":0,"14":0,"15":0,"16":0},"f":{"0":0,"1":0,"2":0},"b":{"0":[0,0],"1":[0,0],"2":[0,0],"3":[0,0],"4":[0,0],"5":[0,0]}}
,"D:\\Tracker_kasy\\backend\\src\\reports\\reports.module.ts": {"path":"D:\\Tracker_kasy\\backend\\src\\reports\\reports.module.ts","statementMap":{"0":{"start":{"line":1,"column":0},"end":{"line":1,"column":40}},"1":{"start":{"line":2,"column":0},"end":{"line":2,"column":57}},"2":{"start":{"line":3,"column":0},"end":{"line":3,"column":51}},"3":{"start":{"line":4,"column":0},"end":{"line":4,"column":50}},"4":{"start":{"line":10,"column":7},"end":{"line":10,"column":null}},"5":{"start":{"line":10,"column":13},"end":{"line":10,"column":26}},"6":{"start":{"line":10,"column":13},"end":{"line":10,"column":null}}},"fnMap":{},"branchMap":{},"s":{"0":0,"1":0,"2":0,"3":0,"4":0,"5":0,"6":0},"f":{},"b":{}}
,"D:\\Tracker_kasy\\backend\\src\\reports\\reports.service.ts": {"path":"D:\\Tracker_kasy\\backend\\src\\reports\\reports.service.ts","statementMap":{"0":{"start":{"line":1,"column":0},"end":{"line":1,"column":44}},"1":{"start":{"line":2,"column":0},"end":{"line":2,"column":50}},"2":{"start":{"line":5,"column":7},"end":{"line":149,"column":null}},"3":{"start":{"line":6,"column":22},"end":{"line":6,"column":30}},"4":{"start":{"line":13,"column":25},"end":{"line":26,"column":6}},"5":{"start":{"line":29,"column":26},"end":{"line":42,"column":6}},"6":{"start":{"line":44,"column":24},"end":{"line":44,"column":61}},"7":{"start":{"line":45,"column":26},"end":{"line":45,"column":64}},"8":{"start":{"line":46,"column":20},"end":{"line":46,"column":47}},"9":{"start":{"line":48,"column":4},"end":{"line":58,"column":6}},"10":{"start":{"line":70,"column":23},"end":{"line":76,"column":6}},"11":{"start":{"line":78,"column":4},"end":{"line":80,"column":5}},"12":{"start":{"line":79,"column":6},"end":{"line":79,"column":24}},"13":{"start":{"line":83,"column":25},"end":{"line":95,"column":6}},"14":{"start":{"line":108,"column":8},"end":{"line":108,"column":10}},"15":{"start":{"line":110,"column":4},"end":{"line":124,"column":7}},"16":{"start":{"line":111,"column":20},"end":{"line":111,"column":32}},"17":{"start":{"line":112,"column":6},"end":{"line":121,"column":7}},"18":{"start":{"line":113,"column":8},"end":{"line":120,"column":10}},"19":{"start":{"line":122,"column":6},"end":{"line":122,"column":47}},"20":{"start":{"line":123,"column":6},"end":{"line":123,"column":40}},"21":{"start":{"line":126,"column":24},"end":{"line":128,"column":null}},"22":{"start":{"line":127,"column":20},"end":{"line":127,"column":35}},"23":{"start":{"line":131,"column":23},"end":{"line":139,"column":40}},"24":{"start":{"line":132,"column":21},"end":{"line":138,"column":8}},"25":{"start":{"line":139,"column":22},"end":{"line":139,"column":39}},"26":{"start":{"line":141,"column":4},"end":{"line":147,"column":6}},"27":{"start":{"line":5,"column":13},"end":{"line":5,"column":27}},"28":{"start":{"line":5,"column":13},"end":{"line":149,"column":null}}},"fnMap":{"0":{"name":"(anonymous_2)","decl":{"start":{"line":6,"column":2},"end":{"line":6,"column":22}},"loc":{"start":{"line":6,"column":43},"end":{"line":6,"column":47}}},"1":{"name":"(anonymous_3)","decl":{"start":{"line":11,"column":2},"end":{"line":11,"column":7}},"loc":{"start":{"line":11,"column":65},"end":{"line":59,"column":3}}},"2":{"name":"(anonymous_4)","decl":{"start":{"line":64,"column":2},"end":{"line":64,"column":7}},"loc":{"start":{"line":68,"column":31},"end":{"line":148,"column":3}}},"3":{"name":"(anonymous_5)","decl":{"start":{"line":110,"column":25},"end":{"line":110,"column":26}},"loc":{"start":{"line":110,"column":31},"end":{"line":124,"column":5}}},"4":{"name":"(anonymous_6)","decl":{"start":{"line":127,"column":6},"end":{"line":127,"column":7}},"loc":{"start":{"line":127,"column":20},"end":{"line":127,"column":35}}},"5":{"name":"(anonymous_7)","decl":{"start":{"line":132,"column":11},"end":{"line":132,"column":12}},"loc":{"start":{"line":132,"column":21},"end":{"line":138,"column":8}}},"6":{"name":"(anonymous_8)","decl":{"start":{"line":139,"column":12},"end":{"line":139,"column":13}},"loc":{"start":{"line":139,"column":22},"end":{"line":139,"column":39}}}},"branchMap":{"0":{"loc":{"start":{"line":44,"column":31},"end":{"line":44,"column":60}},"type":"binary-expr","locations":[{"start":{"line":44,"column":31},"end":{"line":44,"column":55}},{"start":{"line":44,"column":59},"end":{"line":44,"column":60}}]},"1":{"loc":{"start":{"line":45,"column":33},"end":{"line":45,"column":63}},"type":"binary-expr","locations":[{"start":{"line":45,"column":33},"end":{"line":45,"column":58}},{"start":{"line":45,"column":62},"end":{"line":45,"column":63}}]},"2":{"loc":{"start":{"line":78,"column":4},"end":{"line":80,"column":5}},"type":"if","locations":[{"start":{"line":78,"column":4},"end":{"line":80,"column":5}},{"start":{},"end":{}}]},"3":{"loc":{"start":{"line":112,"column":6},"end":{"line":121,"column":7}},"type":"if","locations":[{"start":{"line":112,"column":6},"end":{"line":121,"column":7}},{"start":{},"end":{}}]},"4":{"loc":{"start":{"line":115,"column":24},"end":{"line":115,"column":53}},"type":"binary-expr","locations":[{"start":{"line":115,"column":24},"end":{"line":115,"column":40}},{"start":{"line":115,"column":44},"end":{"line":115,"column":53}}]},"5":{"loc":{"start":{"line":116,"column":24},"end":{"line":116,"column":48}},"type":"binary-expr","locations":[{"start":{"line":116,"column":24},"end":{"line":116,"column":40}},{"start":{"line":116,"column":44},"end":{"line":116,"column":48}}]},"6":{"loc":{"start":{"line":117,"column":25},"end":{"line":117,"column":50}},"type":"binary-expr","locations":[{"start":{"line":117,"column":25},"end":{"line":117,"column":42}},{"start":{"line":117,"column":46},"end":{"line":117,"column":50}}]},"7":{"loc":{"start":{"line":135,"column":10},"end":{"line":137,"column":15}},"type":"cond-expr","locations":[{"start":{"line":136,"column":14},"end":{"line":136,"column":65}},{"start":{"line":137,"column":14},"end":{"line":137,"column":15}}]},"8":{"loc":{"start":{"line":144,"column":12},"end":{"line":144,"column":25}},"type":"binary-expr","locations":[{"start":{"line":144,"column":12},"end":{"line":144,"column":16}},{"start":{"line":144,"column":20},"end":{"line":144,"column":25}}]},"9":{"loc":{"start":{"line":6,"column":30},"end":{"line":6,"column":46}},"type":"cond-expr","locations":[{"start":{"line":6,"column":43},"end":{"line":6,"column":46}},{"start":{"line":6,"column":43},"end":{"line":6,"column":46}}]},"10":{"loc":{"start":{"line":6,"column":30},"end":{"line":6,"column":43}},"type":"binary-expr","locations":[{"start":{"line":6,"column":30},"end":{"line":6,"column":46}},{"start":{"line":6,"column":30},"end":{"line":6,"column":43}}]}},"s":{"0":1,"1":1,"2":1,"3":13,"4":5,"5":5,"6":5,"7":5,"8":5,"9":5,"10":7,"11":7,"12":2,"13":7,"14":7,"15":7,"16":14,"17":14,"18":11,"19":14,"20":14,"21":7,"22":11,"23":7,"24":11,"25":5,"26":7,"27":1,"28":1},"f":{"0":13,"1":5,"2":7,"3":14,"4":11,"5":11,"6":5},"b":{"0":[5,3],"1":[5,3],"2":[2,5],"3":[11,3],"4":[11,0],"5":[11,1],"6":[11,1],"7":[11,0],"8":[7,5],"9":[1,0],"10":[1,1]}}
,"D:\\Tracker_kasy\\backend\\src\\reports\\dto\\query-report.dto.ts": {"path":"D:\\Tracker_kasy\\backend\\src\\reports\\dto\\query-report.dto.ts","statementMap":{"0":{"start":{"line":1,"column":0},"end":{"line":1,"column":67}},"1":{"start":{"line":3,"column":0},"end":{"line":3,"column":13}},"2":{"start":{"line":5,"column":2},"end":{"line":5,"column":null}},"3":{"start":{"line":8,"column":2},"end":{"line":8,"column":null}},"4":{"start":{"line":12,"column":2},"end":{"line":12,"column":null}}},"fnMap":{},"branchMap":{},"s":{"0":0,"1":0,"2":0,"3":0,"4":0},"f":{},"b":{}}
,"D:\\Tracker_kasy\\backend\\src\\transactions\\transactions.controller.ts": {"path":"D:\\Tracker_kasy\\backend\\src\\transactions\\transactions.controller.ts","statementMap":{"0":{"start":{"line":1,"column":0},"end":{"line":1,"column":null}},"1":{"start":{"line":14,"column":0},"end":{"line":14,"column":61}},"2":{"start":{"line":15,"column":0},"end":{"line":15,"column":68}},"3":{"start":{"line":16,"column":0},"end":{"line":16,"column":68}},"4":{"start":{"line":17,"column":0},"end":{"line":17,"column":66}},"5":{"start":{"line":18,"column":0},"end":{"line":18,"column":61}},"6":{"start":{"line":19,"column":0},"end":{"line":19,"column":72}},"7":{"start":{"line":36,"column":7},"end":{"line":134,"column":null}},"8":{"start":{"line":37,"column":31},"end":{"line":37,"column":52}},"9":{"start":{"line":62,"column":4},"end":{"line":62,"column":74}},"10":{"start":{"line":77,"column":4},"end":{"line":77,"column":60}},"11":{"start":{"line":92,"column":4},"end":{"line":92,"column":57}},"12":{"start":{"line":116,"column":4},"end":{"line":116,"column":78}},"13":{"start":{"line":132,"column":4},"end":{"line":132,"column":56}},"14":{"start":{"line":36,"column":13},"end":{"line":36,"column":35}},"15":{"start":{"line":58,"column":2},"end":{"line":63,"column":null}},"16":{"start":{"line":76,"column":2},"end":{"line":78,"column":null}},"17":{"start":{"line":91,"column":2},"end":{"line":93,"column":null}},"18":{"start":{"line":111,"column":2},"end":{"line":117,"column":null}},"19":{"start":{"line":131,"column":2},"end":{"line":133,"column":null}},"20":{"start":{"line":36,"column":13},"end":{"line":134,"column":null}}},"fnMap":{"0":{"name":"(anonymous_4)","decl":{"start":{"line":37,"column":2},"end":{"line":37,"column":31}},"loc":{"start":{"line":37,"column":71},"end":{"line":37,"column":75}}},"1":{"name":"(anonymous_5)","decl":{"start":{"line":58,"column":2},"end":{"line":58,"column":8}},"loc":{"start":{"line":60,"column":54},"end":{"line":63,"column":3}}},"2":{"name":"(anonymous_6)","decl":{"start":{"line":76,"column":2},"end":{"line":76,"column":9}},"loc":{"start":{"line":76,"column":71},"end":{"line":78,"column":3}}},"3":{"name":"(anonymous_7)","decl":{"start":{"line":91,"column":2},"end":{"line":91,"column":9}},"loc":{"start":{"line":91,"column":59},"end":{"line":93,"column":3}}},"4":{"name":"(anonymous_8)","decl":{"start":{"line":111,"column":2},"end":{"line":111,"column":8}},"loc":{"start":{"line":114,"column":54},"end":{"line":117,"column":3}}},"5":{"name":"(anonymous_9)","decl":{"start":{"line":131,"column":2},"end":{"line":131,"column":8}},"loc":{"start":{"line":131,"column":58},"end":{"line":133,"column":3}}}},"branchMap":{"0":{"loc":{"start":{"line":60,"column":34},"end":{"line":60,"column":null}},"type":"cond-expr","locations":[{"start":{"line":60,"column":54},"end":{"line":60,"column":null}},{"start":{"line":60,"column":54},"end":{"line":60,"column":null}}]},"1":{"loc":{"start":{"line":60,"column":34},"end":{"line":60,"column":54}},"type":"binary-expr","locations":[{"start":{"line":60,"column":34},"end":{"line":60,"column":null}},{"start":{"line":60,"column":34},"end":{"line":60,"column":54}}]},"2":{"loc":{"start":{"line":76,"column":52},"end":{"line":76,"column":null}},"type":"cond-expr","locations":[{"start":{"line":76,"column":71},"end":{"line":76,"column":null}},{"start":{"line":76,"column":71},"end":{"line":76,"column":null}}]},"3":{"loc":{"start":{"line":76,"column":52},"end":{"line":76,"column":71}},"type":"binary-expr","locations":[{"start":{"line":76,"column":52},"end":{"line":76,"column":null}},{"start":{"line":76,"column":52},"end":{"line":76,"column":71}}]},"4":{"loc":{"start":{"line":114,"column":34},"end":{"line":114,"column":null}},"type":"cond-expr","locations":[{"start":{"line":114,"column":54},"end":{"line":114,"column":null}},{"start":{"line":114,"column":54},"end":{"line":114,"column":null}}]},"5":{"loc":{"start":{"line":114,"column":34},"end":{"line":114,"column":54}},"type":"binary-expr","locations":[{"start":{"line":114,"column":34},"end":{"line":114,"column":null}},{"start":{"line":114,"column":34},"end":{"line":114,"column":54}}]},"6":{"loc":{"start":{"line":37,"column":52},"end":{"line":37,"column":74}},"type":"cond-expr","locations":[{"start":{"line":37,"column":71},"end":{"line":37,"column":74}},{"start":{"line":37,"column":71},"end":{"line":37,"column":74}}]},"7":{"loc":{"start":{"line":37,"column":52},"end":{"line":37,"column":71}},"type":"binary-expr","locations":[{"start":{"line":37,"column":52},"end":{"line":37,"column":74}},{"start":{"line":37,"column":52},"end":{"line":37,"column":71}}]}},"s":{"0":0,"1":0,"2":0,"3":0,"4":0,"5":0,"6":0,"7":0,"8":0,"9":0,"10":0,"11":0,"12":0,"13":0,"14":0,"15":0,"16":0,"17":0,"18":0,"19":0,"20":0},"f":{"0":0,"1":0,"2":0,"3":0,"4":0,"5":0},"b":{"0":[0,0],"1":[0,0],"2":[0,0],"3":[0,0],"4":[0,0],"5":[0,0],"6":[0,0],"7":[0,0]}}
,"D:\\Tracker_kasy\\backend\\src\\transactions\\transactions.module.ts": {"path":"D:\\Tracker_kasy\\backend\\src\\transactions\\transactions.module.ts","statementMap":{"0":{"start":{"line":1,"column":0},"end":{"line":1,"column":40}},"1":{"start":{"line":2,"column":0},"end":{"line":2,"column":61}},"2":{"start":{"line":3,"column":0},"end":{"line":3,"column":67}},"3":{"start":{"line":4,"column":0},"end":{"line":4,"column":50}},"4":{"start":{"line":19,"column":7},"end":{"line":19,"column":null}},"5":{"start":{"line":19,"column":13},"end":{"line":19,"column":31}},"6":{"start":{"line":19,"column":13},"end":{"line":19,"column":null}}},"fnMap":{},"branchMap":{},"s":{"0":0,"1":0,"2":0,"3":0,"4":0,"5":0,"6":0},"f":{},"b":{}}
,"D:\\Tracker_kasy\\backend\\src\\transactions\\transactions.service.ts": {"path":"D:\\Tracker_kasy\\backend\\src\\transactions\\transactions.service.ts","statementMap":{"0":{"start":{"line":1,"column":0},"end":{"line":1,"column":83}},"1":{"start":{"line":2,"column":0},"end":{"line":2,"column":50}},"2":{"start":{"line":17,"column":7},"end":{"line":214,"column":null}},"3":{"start":{"line":18,"column":22},"end":{"line":18,"column":30}},"4":{"start":{"line":29,"column":21},"end":{"line":34,"column":6}},"5":{"start":{"line":36,"column":4},"end":{"line":40,"column":5}},"6":{"start":{"line":37,"column":6},"end":{"line":39,"column":8}},"7":{"start":{"line":43,"column":4},"end":{"line":55,"column":7}},"8":{"start":{"line":66,"column":75},"end":{"line":66,"column":80}},"9":{"start":{"line":69,"column":48},"end":{"line":81,"column":6}},"10":{"start":{"line":84,"column":17},"end":{"line":84,"column":35}},"11":{"start":{"line":87,"column":34},"end":{"line":98,"column":6}},"12":{"start":{"line":101,"column":4},"end":{"line":109,"column":6}},"13":{"start":{"line":121,"column":24},"end":{"line":126,"column":6}},"14":{"start":{"line":128,"column":4},"end":{"line":132,"column":5}},"15":{"start":{"line":129,"column":6},"end":{"line":131,"column":8}},"16":{"start":{"line":134,"column":4},"end":{"line":134,"column":23}},"17":{"start":{"line":153,"column":4},"end":{"line":153,"column":35}},"18":{"start":{"line":156,"column":4},"end":{"line":169,"column":5}},"19":{"start":{"line":157,"column":23},"end":{"line":162,"column":8}},"20":{"start":{"line":164,"column":6},"end":{"line":168,"column":7}},"21":{"start":{"line":165,"column":8},"end":{"line":167,"column":10}},"22":{"start":{"line":172,"column":4},"end":{"line":192,"column":7}},"23":{"start":{"line":205,"column":4},"end":{"line":205,"column":35}},"24":{"start":{"line":208,"column":4},"end":{"line":210,"column":7}},"25":{"start":{"line":212,"column":4},"end":{"line":212,"column":59}},"26":{"start":{"line":17,"column":13},"end":{"line":17,"column":32}},"27":{"start":{"line":17,"column":13},"end":{"line":214,"column":null}}},"fnMap":{"0":{"name":"(anonymous_2)","decl":{"start":{"line":18,"column":2},"end":{"line":18,"column":22}},"loc":{"start":{"line":18,"column":43},"end":{"line":18,"column":47}}},"1":{"name":"(anonymous_3)","decl":{"start":{"line":27,"column":2},"end":{"line":27,"column":7}},"loc":{"start":{"line":27,"column":73},"end":{"line":56,"column":3}}},"2":{"name":"(anonymous_4)","decl":{"start":{"line":65,"column":2},"end":{"line":65,"column":7}},"loc":{"start":{"line":65,"column":58},"end":{"line":110,"column":3}}},"3":{"name":"(anonymous_5)","decl":{"start":{"line":120,"column":2},"end":{"line":120,"column":7}},"loc":{"start":{"line":120,"column":42},"end":{"line":135,"column":3}}},"4":{"name":"(anonymous_6)","decl":{"start":{"line":147,"column":2},"end":{"line":147,"column":7}},"loc":{"start":{"line":150,"column":46},"end":{"line":193,"column":3}}},"5":{"name":"(anonymous_7)","decl":{"start":{"line":203,"column":2},"end":{"line":203,"column":7}},"loc":{"start":{"line":203,"column":41},"end":{"line":213,"column":3}}}},"branchMap":{"0":{"loc":{"start":{"line":36,"column":4},"end":{"line":40,"column":5}},"type":"if","locations":[{"start":{"line":36,"column":4},"end":{"line":40,"column":5}},{"start":{},"end":{}}]},"1":{"loc":{"start":{"line":66,"column":50},"end":{"line":66,"column":58}},"type":"default-arg","locations":[{"start":{"line":66,"column":57},"end":{"line":66,"column":58}}]},"2":{"loc":{"start":{"line":66,"column":60},"end":{"line":66,"column":70}},"type":"default-arg","locations":[{"start":{"line":66,"column":68},"end":{"line":66,"column":70}}]},"3":{"loc":{"start":{"line":71,"column":10},"end":{"line":71,"column":26}},"type":"binary-expr","locations":[{"start":{"line":71,"column":10},"end":{"line":71,"column":14}},{"start":{"line":71,"column":18},"end":{"line":71,"column":26}}]},"4":{"loc":{"start":{"line":72,"column":10},"end":{"line":72,"column":38}},"type":"binary-expr","locations":[{"start":{"line":72,"column":10},"end":{"line":72,"column":20}},{"start":{"line":72,"column":24},"end":{"line":72,"column":38}}]},"5":{"loc":{"start":{"line":73,"column":10},"end":{"line":80,"column":12}},"type":"cond-expr","locations":[{"start":{"line":74,"column":10},"end":{"line":79,"column":null}},{"start":{"line":80,"column":10},"end":{"line":80,"column":12}}]},"6":{"loc":{"start":{"line":73,"column":10},"end":{"line":73,"column":30}},"type":"binary-expr","locations":[{"start":{"line":73,"column":10},"end":{"line":73,"column":19}},{"start":{"line":73,"column":23},"end":{"line":73,"column":30}}]},"7":{"loc":{"start":{"line":76,"column":18},"end":{"line":76,"column":59}},"type":"binary-expr","locations":[{"start":{"line":76,"column":18},"end":{"line":76,"column":27}},{"start":{"line":76,"column":31},"end":{"line":76,"column":59}}]},"8":{"loc":{"start":{"line":77,"column":18},"end":{"line":77,"column":55}},"type":"binary-expr","locations":[{"start":{"line":77,"column":18},"end":{"line":77,"column":25}},{"start":{"line":77,"column":29},"end":{"line":77,"column":55}}]},"9":{"loc":{"start":{"line":128,"column":4},"end":{"line":132,"column":5}},"type":"if","locations":[{"start":{"line":128,"column":4},"end":{"line":132,"column":5}},{"start":{},"end":{}}]},"10":{"loc":{"start":{"line":156,"column":4},"end":{"line":169,"column":5}},"type":"if","locations":[{"start":{"line":156,"column":4},"end":{"line":169,"column":5}},{"start":{},"end":{}}]},"11":{"loc":{"start":{"line":164,"column":6},"end":{"line":168,"column":7}},"type":"if","locations":[{"start":{"line":164,"column":6},"end":{"line":168,"column":7}},{"start":{},"end":{}}]},"12":{"loc":{"start":{"line":175,"column":12},"end":{"line":177,"column":10}},"type":"binary-expr","locations":[{"start":{"line":175,"column":12},"end":{"line":175,"column":53}},{"start":{"line":175,"column":57},"end":{"line":177,"column":10}}]},"13":{"loc":{"start":{"line":178,"column":12},"end":{"line":180,"column":10}},"type":"binary-expr","locations":[{"start":{"line":178,"column":12},"end":{"line":178,"column":58}},{"start":{"line":178,"column":62},"end":{"line":180,"column":10}}]},"14":{"loc":{"start":{"line":181,"column":12},"end":{"line":183,"column":10}},"type":"binary-expr","locations":[{"start":{"line":181,"column":12},"end":{"line":181,"column":37}},{"start":{"line":181,"column":41},"end":{"line":183,"column":10}}]},"15":{"loc":{"start":{"line":184,"column":12},"end":{"line":184,"column":76}},"type":"binary-expr","locations":[{"start":{"line":184,"column":12},"end":{"line":184,"column":37}},{"start":{"line":184,"column":41},"end":{"line":184,"column":76}}]},"16":{"loc":{"start":{"line":185,"column":12},"end":{"line":187,"column":10}},"type":"binary-expr","locations":[{"start":{"line":185,"column":12},"end":{"line":185,"column":43}},{"start":{"line":185,"column":47},"end":{"line":187,"column":10}}]},"17":{"loc":{"start":{"line":18,"column":30},"end":{"line":18,"column":46}},"type":"cond-expr","locations":[{"start":{"line":18,"column":43},"end":{"line":18,"column":46}},{"start":{"line":18,"column":43},"end":{"line":18,"column":46}}]},"18":{"loc":{"start":{"line":18,"column":30},"end":{"line":18,"column":43}},"type":"binary-expr","locations":[{"start":{"line":18,"column":30},"end":{"line":18,"column":46}},{"start":{"line":18,"column":30},"end":{"line":18,"column":43}}]}},"s":{"0":1,"1":1,"2":1,"3":19,"4":4,"5":4,"6":3,"7":1,"8":5,"9":5,"10":5,"11":5,"12":5,"13":10,"14":10,"15":6,"16":4,"17":4,"18":2,"19":1,"20":1,"21":0,"22":2,"23":3,"24":1,"25":1,"26":1,"27":1},"f":{"0":19,"1":4,"2":5,"3":10,"4":4,"5":3},"b":{"0":[3,1],"1":[4],"2":[4],"3":[5,1],"4":[5,1],"5":[1,4],"6":[5,4],"7":[1,1],"8":[1,1],"9":[6,4],"10":[1,1],"11":[0,1],"12":[2,1],"13":[2,1],"14":[2,0],"15":[2,0],"16":[2,1],"17":[1,0],"18":[1,1]}}
,"D:\\Tracker_kasy\\backend\\src\\transactions\\dto\\create-transaction.dto.ts": {"path":"D:\\Tracker_kasy\\backend\\src\\transactions\\dto\\create-transaction.dto.ts","statementMap":{"0":{"start":{"line":1,"column":0},"end":{"line":1,"column":97}},"1":{"start":{"line":2,"column":0},"end":{"line":2,"column":41}},"2":{"start":{"line":3,"column":0},"end":{"line":3,"column":49}},"3":{"start":{"line":15,"column":0},"end":{"line":15,"column":13}},"4":{"start":{"line":23,"column":2},"end":{"line":23,"column":null}},"5":{"start":{"line":22,"column":14},"end":{"line":22,"column":20}},"6":{"start":{"line":31,"column":2},"end":{"line":31,"column":null}},"7":{"start":{"line":38,"column":2},"end":{"line":38,"column":null}},"8":{"start":{"line":47,"column":2},"end":{"line":47,"column":null}},"9":{"start":{"line":54,"column":2},"end":{"line":54,"column":null}}},"fnMap":{"0":{"name":"(anonymous_2)","decl":{"start":{"line":22,"column":8},"end":{"line":22,"column":11}},"loc":{"start":{"line":22,"column":14},"end":{"line":22,"column":20}}}},"branchMap":{"0":{"loc":{"start":{"line":47,"column":8},"end":{"line":47,"column":24}},"type":"cond-expr","locations":[{"start":{"line":47,"column":23},"end":{"line":47,"column":24}},{"start":{"line":47,"column":23},"end":{"line":47,"column":24}}]},"1":{"loc":{"start":{"line":47,"column":8},"end":{"line":47,"column":23}},"type":"binary-expr","locations":[{"start":{"line":47,"column":8},"end":{"line":47,"column":24}},{"start":{"line":47,"column":8},"end":{"line":47,"column":23}}]}},"s":{"0":0,"1":0,"2":0,"3":0,"4":0,"5":0,"6":0,"7":0,"8":0,"9":0},"f":{"0":0},"b":{"0":[0,0],"1":[0,0]}}
,"D:\\Tracker_kasy\\backend\\src\\transactions\\dto\\query-transaction.dto.ts": {"path":"D:\\Tracker_kasy\\backend\\src\\transactions\\dto\\query-transaction.dto.ts","statementMap":{"0":{"start":{"line":1,"column":0},"end":{"line":1,"column":77}},"1":{"start":{"line":2,"column":0},"end":{"line":2,"column":41}},"2":{"start":{"line":3,"column":0},"end":{"line":3,"column":49}},"3":{"start":{"line":55,"column":18},"end":{"line":55,"column":19}},"4":{"start":{"line":65,"column":19},"end":{"line":65,"column":21}},"5":{"start":{"line":14,"column":0},"end":{"line":14,"column":13}},"6":{"start":{"line":21,"column":2},"end":{"line":21,"column":null}},"7":{"start":{"line":29,"column":2},"end":{"line":29,"column":null}},"8":{"start":{"line":37,"column":2},"end":{"line":37,"column":null}},"9":{"start":{"line":45,"column":2},"end":{"line":45,"column":null}},"10":{"start":{"line":55,"column":2},"end":{"line":55,"column":null}},"11":{"start":{"line":53,"column":14},"end":{"line":53,"column":20}},"12":{"start":{"line":65,"column":2},"end":{"line":65,"column":null}},"13":{"start":{"line":63,"column":14},"end":{"line":63,"column":20}}},"fnMap":{"0":{"name":"(anonymous_2)","decl":{"start":{"line":53,"column":8},"end":{"line":53,"column":11}},"loc":{"start":{"line":53,"column":14},"end":{"line":53,"column":20}}},"1":{"name":"(anonymous_3)","decl":{"start":{"line":63,"column":8},"end":{"line":63,"column":11}},"loc":{"start":{"line":63,"column":14},"end":{"line":63,"column":20}}}},"branchMap":{"0":{"loc":{"start":{"line":21,"column":9},"end":{"line":21,"column":25}},"type":"cond-expr","locations":[{"start":{"line":21,"column":24},"end":{"line":21,"column":25}},{"start":{"line":21,"column":24},"end":{"line":21,"column":25}}]},"1":{"loc":{"start":{"line":21,"column":9},"end":{"line":21,"column":24}},"type":"binary-expr","locations":[{"start":{"line":21,"column":9},"end":{"line":21,"column":25}},{"start":{"line":21,"column":9},"end":{"line":21,"column":24}}]}},"s":{"0":0,"1":0,"2":0,"3":0,"4":0,"5":0,"6":0,"7":0,"8":0,"9":0,"10":0,"11":0,"12":0,"13":0},"f":{"0":0,"1":0},"b":{"0":[0,0],"1":[0,0]}}
,"D:\\Tracker_kasy\\backend\\src\\transactions\\dto\\update-transaction.dto.ts": {"path":"D:\\Tracker_kasy\\backend\\src\\transactions\\dto\\update-transaction.dto.ts","statementMap":{"0":{"start":{"line":1,"column":0},"end":{"line":1,"column":51}},"1":{"start":{"line":2,"column":0},"end":{"line":2,"column":64}},"2":{"start":{"line":10,"column":0},"end":{"line":10,"column":13}}},"fnMap":{},"branchMap":{},"s":{"0":0,"1":0,"2":0},"f":{},"b":{}}
}
