TN:
SF:src\app.controller.ts
FN:6,(anonymous_2)
FN:9,(anonymous_3)
FNF:2
FNH:2
FNDA:1,(anonymous_2)
FNDA:1,(anonymous_3)
DA:1,1
DA:2,1
DA:5,1
DA:6,1
DA:9,1
DA:10,1
LF:6
LH:6
BRDA:6,0,0,1
BRDA:6,0,1,0
BRDA:6,1,0,1
BRDA:6,1,1,1
BRF:4
BRH:3
end_of_record
TN:
SF:src\app.module.ts
FNF:0
FNH:0
DA:1,0
DA:2,0
DA:3,0
DA:4,0
DA:5,0
DA:6,0
DA:7,0
DA:8,0
DA:9,0
DA:10,0
DA:27,0
LF:11
LH:0
BRF:0
BRH:0
end_of_record
TN:
SF:src\app.service.ts
FN:5,(anonymous_1)
FNF:1
FNH:1
FNDA:1,(anonymous_1)
DA:1,1
DA:4,1
DA:6,1
LF:3
LH:3
BRF:0
BRH:0
end_of_record
TN:
SF:src\main.ts
FN:5,bootstrap
FNF:1
FNH:0
FNDA:0,bootstrap
DA:1,0
DA:2,0
DA:3,0
DA:6,0
DA:9,0
DA:19,0
DA:27,0
DA:28,0
DA:29,0
DA:31,0
LF:10
LH:0
BRDA:27,0,0,0
BRDA:27,0,1,0
BRF:2
BRH:0
end_of_record
TN:
SF:src\prisma.service.ts
FN:9,(anonymous_1)
FN:14,(anonymous_2)
FNF:2
FNH:0
FNDA:0,(anonymous_1)
FNDA:0,(anonymous_2)
DA:1,5
DA:2,5
DA:5,5
DA:10,0
DA:11,0
DA:15,0
DA:16,0
LF:7
LH:3
BRF:0
BRH:0
end_of_record
TN:
SF:src\auth\auth.controller.ts
FN:17,(anonymous_4)
FN:25,(anonymous_5)
FN:35,(anonymous_6)
FN:47,(anonymous_7)
FNF:4
FNH:0
FNDA:0,(anonymous_4)
FNDA:0,(anonymous_5)
FNDA:0,(anonymous_6)
FNDA:0,(anonymous_7)
DA:1,0
DA:10,0
DA:11,0
DA:12,0
DA:13,0
DA:16,0
DA:17,0
DA:25,0
DA:26,0
DA:35,0
DA:36,0
DA:47,0
DA:48,0
LF:13
LH:0
BRDA:25,0,0,0
BRDA:25,0,1,0
BRDA:25,1,0,0
BRDA:25,1,1,0
BRDA:35,2,0,0
BRDA:35,2,1,0
BRDA:35,3,0,0
BRDA:35,3,1,0
BRDA:17,4,0,0
BRDA:17,4,1,0
BRDA:17,5,0,0
BRDA:17,5,1,0
BRF:12
BRH:0
end_of_record
TN:
SF:src\auth\auth.module.ts
FN:15,(anonymous_1)
FNF:1
FNH:0
FNDA:0,(anonymous_1)
DA:1,0
DA:2,0
DA:3,0
DA:4,0
DA:5,0
DA:6,0
DA:7,0
DA:8,0
DA:15,0
DA:28,0
LF:10
LH:0
BRDA:18,0,0,0
BRDA:18,0,1,0
BRF:2
BRH:0
end_of_record
TN:
SF:src\auth\auth.service.ts
FN:14,(anonymous_11)
FN:22,(anonymous_12)
FN:62,(anonymous_13)
FN:88,(anonymous_14)
FN:110,(anonymous_15)
FN:118,(anonymous_16)
FN:128,(anonymous_17)
FN:145,(anonymous_18)
FN:159,(anonymous_19)
FNF:9
FNH:9
FNDA:11,(anonymous_11)
FNDA:5,(anonymous_12)
FNDA:6,(anonymous_13)
FNDA:3,(anonymous_14)
FNDA:3,(anonymous_15)
FNDA:4,(anonymous_16)
FNDA:5,(anonymous_17)
FNDA:3,(anonymous_18)
FNDA:21,(anonymous_19)
DA:1,1
DA:7,1
DA:8,1
DA:10,1
DA:13,1
DA:15,11
DA:16,11
DA:23,5
DA:26,5
DA:30,5
DA:31,2
DA:35,3
DA:38,3
DA:39,3
DA:48,3
DA:51,3
DA:53,0
DA:63,6
DA:66,6
DA:70,6
DA:71,2
DA:75,4
DA:77,4
DA:78,2
DA:82,2
DA:89,3
DA:100,3
DA:101,2
DA:104,1
DA:111,3
DA:112,3
DA:122,4
DA:129,5
DA:131,5
DA:133,5
DA:146,3
DA:158,3
DA:159,21
LF:38
LH:37
BRDA:30,0,0,2
BRDA:30,0,1,3
BRDA:70,1,0,2
BRDA:70,1,1,4
BRDA:77,2,0,2
BRDA:77,2,1,2
BRDA:100,3,0,2
BRDA:100,3,1,1
BRDA:15,4,0,1
BRDA:15,4,1,0
BRDA:15,5,0,1
BRDA:15,5,1,1
BRDA:15,6,0,1
BRDA:15,6,1,0
BRDA:15,7,0,1
BRDA:15,7,1,1
BRF:16
BRH:14
end_of_record
TN:
SF:src\auth\decorators\current-user.decorator.ts
FN:18,(anonymous_0)
FNF:1
FNH:0
FNDA:0,(anonymous_0)
DA:1,0
DA:17,0
DA:19,0
DA:20,0
DA:23,0
LF:5
LH:0
BRDA:23,0,0,0
BRDA:23,0,1,0
BRF:2
BRH:0
end_of_record
TN:
SF:src\auth\decorators\index.ts
FNF:0
FNH:0
DA:1,0
LF:1
LH:0
BRF:0
BRH:0
end_of_record
TN:
SF:src\auth\dto\index.ts
FNF:0
FNH:0
DA:1,0
DA:2,0
LF:2
LH:0
BRF:0
BRH:0
end_of_record
TN:
SF:src\auth\dto\login.dto.ts
FNF:0
FNH:0
DA:1,0
DA:3,0
DA:6,0
DA:10,0
LF:4
LH:0
BRF:0
BRH:0
end_of_record
TN:
SF:src\auth\dto\register.dto.ts
FNF:0
FNH:0
DA:1,0
DA:3,0
DA:6,0
DA:11,0
DA:15,0
LF:5
LH:0
BRF:0
BRH:0
end_of_record
TN:
SF:src\auth\guards\index.ts
FNF:0
FNH:0
DA:1,0
LF:1
LH:0
BRF:0
BRH:0
end_of_record
TN:
SF:src\auth\guards\jwt-auth.guard.ts
FN:11,(anonymous_1)
FNF:1
FNH:0
FNDA:0,(anonymous_1)
DA:1,0
DA:2,0
DA:10,0
DA:15,0
LF:4
LH:0
BRF:0
BRH:0
end_of_record
TN:
SF:src\auth\strategies\jwt.strategy.ts
FN:13,(anonymous_2)
FN:34,(anonymous_3)
FNF:2
FNH:0
FNDA:0,(anonymous_2)
FNDA:0,(anonymous_3)
DA:1,0
DA:2,0
DA:3,0
DA:4,0
DA:5,0
DA:12,0
DA:14,0
DA:15,0
DA:17,0
DA:18,0
DA:19,0
DA:22,0
DA:36,0
DA:38,0
DA:39,0
DA:42,0
LF:16
LH:0
BRDA:18,0,0,0
BRDA:18,0,1,0
BRDA:38,1,0,0
BRDA:38,1,1,0
BRDA:14,2,0,0
BRDA:14,2,1,0
BRDA:14,3,0,0
BRDA:14,3,1,0
BRDA:14,4,0,0
BRDA:14,4,1,0
BRDA:14,5,0,0
BRDA:14,5,1,0
BRF:12
BRH:0
end_of_record
TN:
SF:src\budgets\budgets.controller.ts
FN:31,(anonymous_4)
FN:42,(anonymous_5)
FN:57,(anonymous_6)
FN:71,(anonymous_7)
FN:85,(anonymous_8)
FN:100,(anonymous_9)
FN:116,(anonymous_10)
FNF:7
FNH:0
FNDA:0,(anonymous_4)
FNDA:0,(anonymous_5)
FNDA:0,(anonymous_6)
FNDA:0,(anonymous_7)
FNDA:0,(anonymous_8)
FNDA:0,(anonymous_9)
FNDA:0,(anonymous_10)
DA:1,0
DA:14,0
DA:15,0
DA:20,0
DA:21,0
DA:30,0
DA:31,0
DA:42,0
DA:46,0
DA:57,0
DA:61,0
DA:71,0
DA:75,0
DA:85,0
DA:89,0
DA:100,0
DA:105,0
DA:116,0
DA:120,0
LF:19
LH:0
BRDA:44,0,0,0
BRDA:44,0,1,0
BRDA:44,1,0,0
BRDA:44,1,1,0
BRDA:59,2,0,0
BRDA:59,2,1,0
BRDA:59,3,0,0
BRDA:59,3,1,0
BRDA:103,4,0,0
BRDA:103,4,1,0
BRDA:103,5,0,0
BRDA:103,5,1,0
BRDA:31,6,0,0
BRDA:31,6,1,0
BRDA:31,7,0,0
BRDA:31,7,1,0
BRF:16
BRH:0
end_of_record
TN:
SF:src\budgets\budgets.module.ts
FNF:0
FNH:0
DA:1,0
DA:2,0
DA:3,0
DA:4,0
DA:18,0
LF:5
LH:0
BRF:0
BRH:0
end_of_record
TN:
SF:src\budgets\budgets.service.ts
FN:26,(anonymous_2)
FN:31,(anonymous_3)
FN:70,(anonymous_4)
FN:101,(anonymous_5)
FN:175,(anonymous_6)
FN:246,(anonymous_7)
FN:270,(anonymous_8)
FN:320,(anonymous_9)
FNF:8
FNH:8
FNDA:24,(anonymous_2)
FNDA:4,(anonymous_3)
FNDA:2,(anonymous_4)
FNDA:4,(anonymous_5)
FNDA:2,(anonymous_6)
FNDA:2,(anonymous_7)
FNDA:10,(anonymous_8)
FNDA:2,(anonymous_9)
DA:1,1
DA:7,1
DA:13,1
DA:25,1
DA:26,24
DA:32,4
DA:34,4
DA:36,4
DA:37,1
DA:40,4
DA:41,1
DA:44,4
DA:45,1
DA:48,4
DA:64,4
DA:71,2
DA:86,2
DA:87,1
DA:90,1
DA:92,1
DA:102,4
DA:105,4
DA:109,4
DA:110,1
DA:114,3
DA:117,3
DA:118,1
DA:119,1
DA:121,0
DA:123,2
DA:127,2
DA:128,0
DA:132,2
DA:140,2
DA:141,1
DA:147,1
DA:169,1
DA:177,2
DA:181,2
DA:182,1
DA:185,1
DA:188,1
DA:189,0
DA:193,0
DA:194,0
DA:199,1
DA:201,1
DA:202,0
DA:203,0
DA:205,0
DA:206,0
DA:207,0
DA:211,0
DA:213,1
DA:214,0
DA:218,1
DA:240,1
DA:247,2
DA:251,2
DA:252,1
DA:255,1
DA:271,10
DA:275,10
DA:276,1
DA:280,9
DA:295,9
DA:296,9
DA:297,9
DA:298,9
DA:301,9
DA:302,9
DA:303,1
DA:304,8
DA:305,2
DA:308,9
DA:321,2
DA:323,2
DA:325,0
DA:326,0
DA:328,0
DA:329,0
DA:331,2
DA:332,2
DA:334,0
DA:335,0
DA:337,0
DA:340,2
LF:87
LH:68
BRDA:36,0,0,1
BRDA:36,0,1,3
BRDA:40,1,0,1
BRDA:40,1,1,3
BRDA:44,2,0,1
BRDA:44,2,1,3
BRDA:86,3,0,1
BRDA:86,3,1,1
BRDA:109,4,0,1
BRDA:109,4,1,3
BRDA:117,5,0,1
BRDA:117,5,1,2
BRDA:118,6,0,1
BRDA:118,6,1,0
BRDA:127,7,0,0
BRDA:127,7,1,2
BRDA:140,8,0,1
BRDA:140,8,1,1
BRDA:181,9,0,1
BRDA:181,9,1,1
BRDA:188,10,0,0
BRDA:188,10,1,1
BRDA:193,11,0,0
BRDA:193,11,1,0
BRDA:201,12,0,0
BRDA:201,12,1,1
BRDA:201,13,0,1
BRDA:201,13,1,1
BRDA:202,14,0,0
BRDA:202,14,1,0
BRDA:203,15,0,0
BRDA:203,15,1,0
BRDA:205,16,0,0
BRDA:205,16,1,0
BRDA:206,17,0,0
BRDA:206,17,1,0
BRDA:213,18,0,0
BRDA:213,18,1,1
BRDA:221,19,0,1
BRDA:221,19,1,0
BRDA:222,20,0,1
BRDA:222,20,1,1
BRDA:223,21,0,1
BRDA:223,21,1,0
BRDA:224,22,0,1
BRDA:224,22,1,0
BRDA:251,23,0,1
BRDA:251,23,1,1
BRDA:275,24,0,1
BRDA:275,24,1,9
BRDA:295,25,0,9
BRDA:295,25,1,1
BRDA:297,26,0,9
BRDA:297,26,1,0
BRDA:302,27,0,1
BRDA:302,27,1,8
BRDA:302,28,0,9
BRDA:302,28,1,3
BRDA:304,29,0,2
BRDA:304,29,1,6
BRDA:323,30,0,0
BRDA:323,30,1,0
BRDA:323,30,2,2
BRDA:323,30,3,0
BRDA:323,30,4,0
BRDA:26,31,0,1
BRDA:26,31,1,0
BRDA:26,32,0,1
BRDA:26,32,1,1
BRF:69
BRH:45
end_of_record
TN:
SF:src\budgets\dto\create-budget.dto.ts
FNF:0
FNH:0
DA:1,0
DA:9,0
DA:21,0
DA:23,0
DA:27,0
DA:30,0
DA:33,0
DA:37,0
LF:8
LH:0
BRDA:30,0,0,0
BRDA:30,0,1,0
BRDA:30,1,0,0
BRDA:30,1,1,0
BRF:4
BRH:0
end_of_record
TN:
SF:src\budgets\dto\index.ts
FN:1,(anonymous_0)
FN:2,(anonymous_1)
FN:3,(anonymous_2)
FNF:3
FNH:0
FNDA:0,(anonymous_0)
FNDA:0,(anonymous_1)
FNDA:0,(anonymous_2)
DA:1,0
DA:2,0
DA:3,0
LF:3
LH:0
BRF:0
BRH:0
end_of_record
TN:
SF:src\budgets\dto\query-budget.dto.ts
FN:19,(anonymous_2)
FNF:1
FNH:0
FNDA:0,(anonymous_2)
DA:1,0
DA:2,0
DA:3,0
DA:8,0
DA:11,0
DA:15,0
DA:19,0
DA:20,0
LF:8
LH:0
BRDA:15,0,0,0
BRDA:15,0,1,0
BRDA:15,1,0,0
BRDA:15,1,1,0
BRDA:19,2,0,0
BRDA:19,2,1,0
BRF:6
BRH:0
end_of_record
TN:
SF:src\budgets\dto\update-budget.dto.ts
FNF:0
FNH:0
DA:1,0
DA:2,0
DA:8,0
LF:3
LH:0
BRF:0
BRH:0
end_of_record
TN:
SF:src\categories\categories.controller.ts
FN:23,(anonymous_4)
FN:30,(anonymous_5)
FN:42,(anonymous_6)
FN:51,(anonymous_7)
FN:63,(anonymous_8)
FN:76,(anonymous_9)
FNF:6
FNH:0
FNDA:0,(anonymous_4)
FNDA:0,(anonymous_5)
FNDA:0,(anonymous_6)
FNDA:0,(anonymous_7)
FNDA:0,(anonymous_8)
FNDA:0,(anonymous_9)
DA:1,0
DA:11,0
DA:12,0
DA:13,0
DA:14,0
DA:22,0
DA:23,0
DA:30,0
DA:34,0
DA:42,0
DA:43,0
DA:51,0
DA:55,0
DA:63,0
DA:68,0
DA:76,0
DA:80,0
LF:17
LH:0
BRDA:32,0,0,0
BRDA:32,0,1,0
BRDA:32,1,0,0
BRDA:32,1,1,0
BRDA:66,2,0,0
BRDA:66,2,1,0
BRDA:66,3,0,0
BRDA:66,3,1,0
BRDA:23,4,0,0
BRDA:23,4,1,0
BRDA:23,5,0,0
BRDA:23,5,1,0
BRF:12
BRH:0
end_of_record
TN:
SF:src\categories\categories.module.ts
FNF:0
FNH:0
DA:1,0
DA:2,0
DA:3,0
DA:4,0
DA:10,0
LF:5
LH:0
BRF:0
BRH:0
end_of_record
TN:
SF:src\categories\categories.service.ts
FN:15,(anonymous_2)
FN:20,(anonymous_3)
FN:38,(anonymous_4)
FN:53,(anonymous_5)
FN:65,(anonymous_6)
FN:83,(anonymous_7)
FNF:6
FNH:6
FNDA:16,(anonymous_2)
FNDA:3,(anonymous_3)
FNDA:12,(anonymous_4)
FNDA:2,(anonymous_5)
FNDA:3,(anonymous_6)
FNDA:5,(anonymous_7)
DA:1,1
DA:6,1
DA:14,1
DA:15,16
DA:21,3
DA:39,12
DA:43,12
DA:44,7
DA:47,5
DA:54,2
DA:71,3
DA:73,1
DA:85,5
DA:88,3
DA:92,3
DA:93,2
DA:98,1
DA:102,1
LF:18
LH:18
BRDA:43,0,0,7
BRDA:43,0,1,5
BRDA:92,1,0,2
BRDA:92,1,1,1
BRDA:15,2,0,1
BRDA:15,2,1,0
BRDA:15,3,0,1
BRDA:15,3,1,1
BRF:8
BRH:7
end_of_record
TN:
SF:src\categories\dto\create-category.dto.ts
FN:10,(anonymous_2)
FNF:1
FNH:0
FNDA:0,(anonymous_2)
DA:1,0
DA:10,0
DA:11,0
DA:12,0
DA:18,0
DA:22,0
DA:27,0
DA:34,0
DA:39,0
LF:9
LH:0
BRDA:10,0,0,0
BRDA:10,0,1,0
BRF:2
BRH:0
end_of_record
TN:
SF:src\categories\dto\index.ts
FN:1,(anonymous_0)
FN:1,(anonymous_1)
FN:2,(anonymous_2)
FNF:3
FNH:0
FNDA:0,(anonymous_0)
FNDA:0,(anonymous_1)
FNDA:0,(anonymous_2)
DA:1,0
DA:2,0
LF:2
LH:0
BRF:0
BRH:0
end_of_record
TN:
SF:src\categories\dto\update-category.dto.ts
FNF:0
FNH:0
DA:1,0
DA:2,0
DA:8,0
LF:3
LH:0
BRF:0
BRH:0
end_of_record
TN:
SF:src\reports\reports.controller.ts
FN:10,(anonymous_4)
FN:17,(anonymous_5)
FN:32,(anonymous_6)
FNF:3
FNH:0
FNDA:0,(anonymous_4)
FNDA:0,(anonymous_5)
FNDA:0,(anonymous_6)
DA:1,0
DA:2,0
DA:3,0
DA:4,0
DA:5,0
DA:9,0
DA:10,0
DA:17,0
DA:21,0
DA:22,0
DA:24,0
DA:32,0
DA:36,0
DA:37,0
DA:39,0
LF:15
LH:0
BRDA:19,0,0,0
BRDA:19,0,1,0
BRDA:19,1,0,0
BRDA:19,1,1,0
BRDA:34,2,0,0
BRDA:34,2,1,0
BRDA:34,3,0,0
BRDA:34,3,1,0
BRDA:10,4,0,0
BRDA:10,4,1,0
BRDA:10,5,0,0
BRDA:10,5,1,0
BRF:12
BRH:0
end_of_record
TN:
SF:src\reports\reports.module.ts
FNF:0
FNH:0
DA:1,0
DA:2,0
DA:3,0
DA:4,0
DA:10,0
LF:5
LH:0
BRF:0
BRH:0
end_of_record
TN:
SF:src\reports\reports.service.ts
FN:6,(anonymous_2)
FN:11,(anonymous_3)
FN:64,(anonymous_4)
FN:110,(anonymous_5)
FN:127,(anonymous_6)
FN:132,(anonymous_7)
FN:139,(anonymous_8)
FNF:7
FNH:7
FNDA:13,(anonymous_2)
FNDA:5,(anonymous_3)
FNDA:7,(anonymous_4)
FNDA:14,(anonymous_5)
FNDA:11,(anonymous_6)
FNDA:11,(anonymous_7)
FNDA:5,(anonymous_8)
DA:1,1
DA:2,1
DA:5,1
DA:6,13
DA:13,5
DA:29,5
DA:44,5
DA:45,5
DA:46,5
DA:48,5
DA:70,7
DA:78,7
DA:79,2
DA:83,7
DA:108,7
DA:110,7
DA:111,14
DA:112,14
DA:113,11
DA:122,14
DA:123,14
DA:126,7
DA:127,11
DA:131,7
DA:132,11
DA:139,5
DA:141,7
LF:27
LH:27
BRDA:44,0,0,5
BRDA:44,0,1,3
BRDA:45,1,0,5
BRDA:45,1,1,3
BRDA:78,2,0,2
BRDA:78,2,1,5
BRDA:112,3,0,11
BRDA:112,3,1,3
BRDA:115,4,0,11
BRDA:115,4,1,0
BRDA:116,5,0,11
BRDA:116,5,1,1
BRDA:117,6,0,11
BRDA:117,6,1,1
BRDA:135,7,0,11
BRDA:135,7,1,0
BRDA:144,8,0,7
BRDA:144,8,1,5
BRDA:6,9,0,1
BRDA:6,9,1,0
BRDA:6,10,0,1
BRDA:6,10,1,1
BRF:22
BRH:19
end_of_record
TN:
SF:src\reports\dto\query-report.dto.ts
FNF:0
FNH:0
DA:1,0
DA:3,0
DA:5,0
DA:8,0
DA:12,0
LF:5
LH:0
BRF:0
BRH:0
end_of_record
TN:
SF:src\transactions\transactions.controller.ts
FN:37,(anonymous_4)
FN:58,(anonymous_5)
FN:76,(anonymous_6)
FN:91,(anonymous_7)
FN:111,(anonymous_8)
FN:131,(anonymous_9)
FNF:6
FNH:0
FNDA:0,(anonymous_4)
FNDA:0,(anonymous_5)
FNDA:0,(anonymous_6)
FNDA:0,(anonymous_7)
FNDA:0,(anonymous_8)
FNDA:0,(anonymous_9)
DA:1,0
DA:14,0
DA:15,0
DA:16,0
DA:17,0
DA:18,0
DA:19,0
DA:36,0
DA:37,0
DA:58,0
DA:62,0
DA:76,0
DA:77,0
DA:91,0
DA:92,0
DA:111,0
DA:116,0
DA:131,0
DA:132,0
LF:19
LH:0
BRDA:60,0,0,0
BRDA:60,0,1,0
BRDA:60,1,0,0
BRDA:60,1,1,0
BRDA:76,2,0,0
BRDA:76,2,1,0
BRDA:76,3,0,0
BRDA:76,3,1,0
BRDA:114,4,0,0
BRDA:114,4,1,0
BRDA:114,5,0,0
BRDA:114,5,1,0
BRDA:37,6,0,0
BRDA:37,6,1,0
BRDA:37,7,0,0
BRDA:37,7,1,0
BRF:16
BRH:0
end_of_record
TN:
SF:src\transactions\transactions.module.ts
FNF:0
FNH:0
DA:1,0
DA:2,0
DA:3,0
DA:4,0
DA:19,0
LF:5
LH:0
BRF:0
BRH:0
end_of_record
TN:
SF:src\transactions\transactions.service.ts
FN:18,(anonymous_2)
FN:27,(anonymous_3)
FN:65,(anonymous_4)
FN:120,(anonymous_5)
FN:147,(anonymous_6)
FN:203,(anonymous_7)
FNF:6
FNH:6
FNDA:19,(anonymous_2)
FNDA:4,(anonymous_3)
FNDA:5,(anonymous_4)
FNDA:10,(anonymous_5)
FNDA:4,(anonymous_6)
FNDA:3,(anonymous_7)
DA:1,1
DA:2,1
DA:17,1
DA:18,19
DA:29,4
DA:36,4
DA:37,3
DA:43,1
DA:66,5
DA:69,5
DA:84,5
DA:87,5
DA:101,5
DA:121,10
DA:128,10
DA:129,6
DA:134,4
DA:153,4
DA:156,2
DA:157,1
DA:164,1
DA:165,0
DA:172,2
DA:205,3
DA:208,1
DA:212,1
LF:26
LH:25
BRDA:36,0,0,3
BRDA:36,0,1,1
BRDA:66,1,0,4
BRDA:66,2,0,4
BRDA:71,3,0,5
BRDA:71,3,1,1
BRDA:72,4,0,5
BRDA:72,4,1,1
BRDA:73,5,0,1
BRDA:73,5,1,4
BRDA:73,6,0,5
BRDA:73,6,1,4
BRDA:76,7,0,1
BRDA:76,7,1,1
BRDA:77,8,0,1
BRDA:77,8,1,1
BRDA:128,9,0,6
BRDA:128,9,1,4
BRDA:156,10,0,1
BRDA:156,10,1,1
BRDA:164,11,0,0
BRDA:164,11,1,1
BRDA:175,12,0,2
BRDA:175,12,1,1
BRDA:178,13,0,2
BRDA:178,13,1,1
BRDA:181,14,0,2
BRDA:181,14,1,0
BRDA:184,15,0,2
BRDA:184,15,1,0
BRDA:185,16,0,2
BRDA:185,16,1,1
BRDA:18,17,0,1
BRDA:18,17,1,0
BRDA:18,18,0,1
BRDA:18,18,1,1
BRF:36
BRH:32
end_of_record
TN:
SF:src\transactions\dto\create-transaction.dto.ts
FN:22,(anonymous_2)
FNF:1
FNH:0
FNDA:0,(anonymous_2)
DA:1,0
DA:2,0
DA:3,0
DA:15,0
DA:22,0
DA:23,0
DA:31,0
DA:38,0
DA:47,0
DA:54,0
LF:10
LH:0
BRDA:47,0,0,0
BRDA:47,0,1,0
BRDA:47,1,0,0
BRDA:47,1,1,0
BRF:4
BRH:0
end_of_record
TN:
SF:src\transactions\dto\query-transaction.dto.ts
FN:53,(anonymous_2)
FN:63,(anonymous_3)
FNF:2
FNH:0
FNDA:0,(anonymous_2)
FNDA:0,(anonymous_3)
DA:1,0
DA:2,0
DA:3,0
DA:14,0
DA:21,0
DA:29,0
DA:37,0
DA:45,0
DA:53,0
DA:55,0
DA:63,0
DA:65,0
LF:12
LH:0
BRDA:21,0,0,0
BRDA:21,0,1,0
BRDA:21,1,0,0
BRDA:21,1,1,0
BRF:4
BRH:0
end_of_record
TN:
SF:src\transactions\dto\update-transaction.dto.ts
FNF:0
FNH:0
DA:1,0
DA:2,0
DA:10,0
LF:3
LH:0
BRF:0
BRH:0
end_of_record
